
debug-mirror-cache.js
FAIL:
Syntax error at line 281 while parsing script:
  reserved word used



arguments-indirect.js
PASS

string-split.js
PASS

debug-breakpoints.js
SKIP: V8 specific debug function

debug-step.js
SKIP: V8 specific debug function

smi-negative-zero.js
PASS

html-string-funcs.js
PASS

string-charat.js
PASS

debug-scripts-request.js
FAIL:
Syntax error at line 305 while parsing script:
  reserved word used



megamorphic-callbacks.js
PASS

negate.js
FAIL:
Syntax error at line 230 while parsing script:
  reserved word used



mirror-undefined.js
SKIP: V8 specific debug function

do-not-strip-fc.js
PASS

sparse-array.js
PASS

const.js
FAIL:
Syntax error at line 232 while parsing script:
  reserved word used



try.js
PASS

function-caller.js
PASS

fuzz-accessors.js
PASS

extra-arguments.js
PASS

date-parse.js
FAIL:
Uncaught exception: Failure (Sat, 01-Jan-2000 08:00:00 UT):  expected <946713600000> found <NaN>
At line 56, column 2 in fail(expected, found, name_opt):
    throw new MjsUnitAssertionError(start + " expected <" + expected + "> found <" + found + ">");
called from line 109, column 4 in assertEquals(expected, found, name_opt):
    fail(expected, found, name_opt);
called from line 238, column 2 in testDateParse(string):
    assertEquals(946713600000, d, string);
called from line 441, column 0 in program code:
    testCasesGMT.forEach(testDateParse);




function-prototype.js
FAIL:
Uncaught exception: Failure: expected <[object Object]> found <undefined>
At line 56, column 2 in fail(expected, found, name_opt):
    throw new MjsUnitAssertionError(start + " expected <" + expected + "> found <" + found + ">");
called from line 109, column 4 in assertEquals(expected, found, name_opt):
    fail(expected, found, name_opt);
called from line 238, column 2 in TestNonObjectPrototype(value):
    assertEquals(Object.prototype, f.__proto__);
called from line 248, column 0 in program code:
    var f = new F();




smi-ops.js
FAIL:
Syntax error at line 230 while parsing script:
  reserved word used



for-in-special-cases.js
PASS

object-literal-gc.js
PASS

with-leave.js
PASS

debug-event-listener.js
SKIP: V8 specific debug function

var.js
PASS

for-in.js
FAIL:
Uncaught exception: Failure: expected <1> found <0>
At line 56, column 2 in fail(expected, found, name_opt):
    throw new MjsUnitAssertionError(start + " expected <" + expected + "> found <" + found + ">");
called from line 109, column 4 in assertEquals(expected, found, name_opt):
    fail(expected, found, name_opt);
called from line 264, column 0 in program code:
    assertEquals(1, props(a).length);




regexp.js
FAIL:
Syntax error at line 446 while parsing script:
  invalid regexp literal



arguments.js
PASS

try-finally-nested.js
PASS

scanner.js
PASS

lazy-load.js
PASS

non-ascii-replace.js
PASS

array-length.js
PASS

regexp-standalones.js
FAIL: Process exited with code -11

compare-nan.js
PASS

debug-evaluate.js
SKIP: V8 specific debug function

string-indexof.js
PASS

array-concat.js
PASS

function-arguments-null.js
FAIL:
Uncaught exception: Failure: expected <true> found <false>
At line 56, column 2 in fail(expected, found, name_opt):
    throw new MjsUnitAssertionError(start + " expected <" + expected + "> found <" + found + ">");
called from line 109, column 4 in assertEquals(expected, found, name_opt):
    fail(expected, found, name_opt);
called from line 129, column 2 in assertTrue(value, name_opt):
    assertEquals(true, value, name_opt);
called from line 232, column 0 in program code:
    assertTrue(toString.arguments === null);




enumeration-order.js
FAIL: Process exited with code -11

no-semicolon.js
PASS

debug-backtrace-text.js
FAIL:
Syntax error at line 239 while parsing script:
  reserved word used



binary-operation-overwrite.js
PASS

regexp-multiline.js
FAIL: Process exited with code -11

debug-conditional-breakpoints.js
SKIP: V8 specific debug function

declare-locally.js
FAIL:
Uncaught exception: TypeError: Cannot convert 'this.__proto__' to object
At line 238, column 0 in program code:
    this.__proto__.foo = 42;




array-length-number-conversion.js
PASS

uri.js
PASS

this.js
PASS

unicode-test.js
FAIL: Process exited with code -11

testcfg.py
FAIL:
Syntax error at line 203 while parsing script:
  unexpected character: U+0023



proto.js
PASS

to-precision.js
FAIL:
Uncaught exception: Failure: expected <-1.23450e+27> found <-1.2345e+27>
At line 56, column 2 in fail(expected, found, name_opt):
    throw new MjsUnitAssertionError(start + " expected <" + expected + "> found <" + found + ">");
called from line 109, column 4 in assertEquals(expected, found, name_opt):
    fail(expected, found, name_opt);
called from line 245, column 0 in program code:
    assertEquals("-1.234500e+27", (-1.2345e+27).toPrecision(7));




arguments-opt.js
FAIL:
Syntax error at line 233 while parsing script:
  expected ';', got '%'



delete-in-with.js
PASS

debug-referenced-by.js
SKIP: V8 specific debug function

execScript-case-insensitive.js
FAIL:
Uncaught exception: ReferenceError: Undefined variable: execScript
At line 231, column 0 in program code:
    execScript('x = 1', 'javascript');




throw-exception-for-null-access.js
PASS

mirror-unresolved-function.js
SKIP: V8 specific debug function

global-vars-eval.js
PASS

large-object-allocation.js
PASS

escape.js
PASS

apply.js
FAIL:

terminate called after throwing an instance of 'std::bad_alloc'
  what():  std::bad_alloc


in.js
PASS

array-join.js
FAIL:
Uncaught exception: Failure: expected <array*3*4*array*array> found <array*3*4*array*>
At line 56, column 2 in fail(expected, found, name_opt):
    throw new MjsUnitAssertionError(start + " expected <" + expected + "> found <" + found + ">");
called from line 109, column 4 in assertEquals(expected, found, name_opt):
    fail(expected, found, name_opt);
called from line 240, column 0 in program code:
    assertEquals('array*3*4*array*array', a.join('*'));




this-in-callbacks.js
PASS

string-index.js
FAIL:
Uncaught exception: Failure (0 in):  expected <true> found <false>
At line 56, column 2 in fail(expected, found, name_opt):
    throw new MjsUnitAssertionError(start + " expected <" + expected + "> found <" + found + ">");
called from line 109, column 4 in assertEquals(expected, found, name_opt):
    fail(expected, found, name_opt);
called from line 279, column 0 in program code:
    assertEquals(false, -1 in S, "-1 in");




debug-script.js
SKIP: V8 specific debug function

debug-clearbreakpoint.js
SKIP: V8 specific debug function

debug-enable-disable-breakpoints.js
SKIP: V8 specific debug function

closure.js
PASS

obj-construct.js
PASS

debug-stepin-constructor.js
FAIL:
Syntax error at line 257 while parsing script:
  reserved word used



mirror-function.js
FAIL:
Uncaught exception: ReferenceError: Undefined variable: debug
At unknown location in testFunctionMirror(f):
    /* no source available */
called from line 291, column 0 in program code:
    testFunctionMirror(function a(){return 1;});




mirror-script.js
FAIL:
Uncaught exception: ReferenceError: Undefined variable: debug
At unknown location in testScriptMirror(f, file_name, file_lines, script_type, script_source):
    /* no source available */
called from line 283, column 0 in program code:
    testScriptMirror(Math.sin, 'native math.js', -1, 0);




math-min-max.js
PASS

mirror-object.js
FAIL:
Uncaught exception: ReferenceError: Undefined variable: debug
At unknown location in testObjectMirror(obj, cls_name, ctor_name, hasSpecialProperties):
    /* no source available */
called from line 365, column 0 in program code:
    testObjectMirror({'a':1,'b':2}, 'Object', 'Object');




mirror-error.js
FAIL:
Uncaught exception: ReferenceError: Undefined variable: debug
At unknown location in testErrorMirror(e):
    /* no source available */
called from line 289, column 0 in program code:
    testErrorMirror(new Error('This does not work'));




delete.js
PASS

switch.js
FAIL:
Uncaught exception: SyntaxError: at index 0: expected identifier, got '('
At line 486, column 2 in makeVeryLong(length):
    return eval(res);
called from line 489, column 0 in program code:
    var verylong = makeVeryLong(verylong_size);




mirror-string.js
FAIL:
Syntax error at line 233 while parsing script:
  reserved word used



array-sort.js
FAIL:
Syntax error at line 284 while parsing script:
  syntax error



delay-syntax-error.js
FAIL:
Uncaught exception: Failure (threw an exception):  expected <true> found <false>
At line 56, column 2 in fail(expected, found, name_opt):
    throw new MjsUnitAssertionError(start + " expected <" + expected + "> found <" + found + ">");
called from line 109, column 4 in assertEquals(expected, found, name_opt):
    fail(expected, found, name_opt);
called from line 129, column 2 in assertTrue(value, name_opt):
    assertEquals(true, value, name_opt);
called from line 190, column 4 in assertDoesNotThrow(code):
    assertTrue(false, "threw an exception");
called from line 236, column 0 in program code:
    assertDoesNotThrow("if (false) break;");




debug-sourceslice.js
SKIP: V8 specific debug function

property-object-key.js
PASS

parse-int-float.js
FAIL:
Uncaught exception: Failure: expected <1> found <1e+21>
At line 56, column 2 in fail(expected, found, name_opt):
    throw new MjsUnitAssertionError(start + " expected <" + expected + "> found <" + found + ">");
called from line 109, column 4 in assertEquals(expected, found, name_opt):
    fail(expected, found, name_opt);
called from line 272, column 2 in program code:
    x = eval("-1e" + i);




array-splice-webkit.js
FAIL:
Uncaught exception: Failure: expected <undefined> found <>
At line 56, column 2 in fail(expected, found, name_opt):
    throw new MjsUnitAssertionError(start + " expected <" + expected + "> found <" + found + ">");
called from line 109, column 4 in assertEquals(expected, found, name_opt):
    fail(expected, found, name_opt);
called from line 240, column 0 in program code:
    assertArrayEquals(['a','b','c','d'], arr);




function-property.js
PASS

length.js
PASS

arguments-enum.js
PASS

regexp-static.js
FAIL:
Uncaught exception: Failure (did not throw exception):  expected <true> found <false>
At line 56, column 2 in fail(expected, found, name_opt):
    throw new MjsUnitAssertionError(start + " expected <" + expected + "> found <" + found + ">");
called from line 109, column 4 in assertEquals(expected, found, name_opt):
    fail(expected, found, name_opt);
called from line 129, column 2 in assertTrue(value, name_opt):
    assertEquals(true, value, name_opt);
called from line 175, column 23 in assertThrows(code, type_opt, cause_opt):
    assertTrue(false, "did not throw exception");
called from line 234, column 0 in program code:
    assertThrows("/a/.exec()");




no-branch-elimination.js
PASS

leakcheck.js
PASS

greedy.js
PASS

string-case.js
FAIL:
Uncaught exception: Failure: expected <º¿Ã¼¿Ã º¿Ã¼¿Ã> found <º¿Ã¼¿Â º¿Ã¼¿Â>
At line 56, column 2 in fail(expected, found, name_opt):
    throw new MjsUnitAssertionError(start + " expected <" + expected + "> found <" + found + ">");
called from line 109, column 4 in assertEquals(expected, found, name_opt):
    fail(expected, found, name_opt);
called from line 230, column 0 in program code:
    assertEquals("šŸ£œŸ£ šŸ£œŸ£".toLowerCase(), "º¿Ã¼¿Â º¿Ã¼¿Â");




dont-reinit-global-var.js
PASS

mirror-null.js
SKIP: V8 specific debug function

array-indexing.js
PASS

negate-zero.js
PASS

sparse-array-reverse.js
FAIL: Process exited with code -11

function.js
PASS

keyed-ic.js
FAIL:
Uncaught exception: Failure: expected <4> found <0>
At line 56, column 2 in fail(expected, found, name_opt):
    throw new MjsUnitAssertionError(start + " expected <" + expected + "> found <" + found + ">");
called from line 109, column 4 in assertEquals(expected, found, name_opt):
    fail(expected, found, name_opt);
called from line 306, column 8 in stringLengthTest(change_index):
    assertEquals(4, l);
called from line 315, column 31 in <anonymous function>():
    stringLengthTest(i);
called from line 318, column 0 in program code:
    runTest();




regexp-indexof.js
PASS

api-call-after-bypassed-exception.js
FAIL:
[object Object]



with-value.js
PASS

mirror-array.js
FAIL:
Uncaught exception: ReferenceError: Undefined variable: debug
At unknown location in testArrayMirror(a, names):
    /* no source available */
called from line 326, column 0 in program code:
    testArrayMirror([1]);




const-redecl.js
FAIL:
Uncaught exception: Failure: expected <true> found <false>
At line 56, column 2 in fail(expected, found, name_opt):
    throw new MjsUnitAssertionError(start + " expected <" + expected + "> found <" + found + ">");
called from line 109, column 4 in assertEquals(expected, found, name_opt):
    fail(expected, found, name_opt);
called from line 129, column 2 in assertTrue(value, name_opt):
    assertEquals(true, value, name_opt);
called from line 238, column 2 in CheckException(e):
    assertTrue(string.indexOf("has already been declared") >= 0 ||
called from line 249, column 4 in TestLocal(s, e):
    return CheckException(x);




body-not-visible.js
PASS

function-source.js
SKIP: V8 specific debug function

large-object-literal.js
PASS

if-in-undefined.js
PASS

instanceof.js
FAIL:
Uncaught exception: Failure: expected <true> found <false>
At line 56, column 2 in fail(expected, found, name_opt):
    throw new MjsUnitAssertionError(start + " expected <" + expected + "> found <" + found + ">");
called from line 109, column 4 in assertEquals(expected, found, name_opt):
    fail(expected, found, name_opt);
called from line 129, column 2 in assertTrue(value, name_opt):
    assertEquals(true, value, name_opt);
called from line 246, column 2 in TestChains():
    assertTrue(B instanceof F);
called from line 295, column 0 in program code:
    TestExceptions();




prototype.js
PASS

tobool.js
PASS

call-non-function.js
PASS

context-variable-assignments.js
PASS

regexp-multiline-stack-trace.js
FAIL: Process exited with code -11

try-catch-scopes.js
PASS

debug-evaluate-arguments.js
FAIL:
Syntax error at line 280 while parsing script:
  reserved word used



fun-name.js
PASS

call-non-function-call.js
PASS

debug-constructor.js
SKIP: V8 specific debug function

arguments-call-apply.js
PASS

string-search.js
PASS

debug-evaluate-with.js
FAIL:
Syntax error at line 268 while parsing script:
  reserved word used



array-iteration.js
PASS

number-tostring-small.js
PASS

eval-typeof-non-existing.js
PASS

debug-evaluate-locals.js
FAIL:
Syntax error at line 313 while parsing script:
  reserved word used



debug-constructed-by.js
SKIP: V8 specific debug function

string-compare-alignment.js
PASS

stress-array-push.js
PASS

string-localecompare.js
PASS

no-octal-constants-above-256.js
PASS

array-functions-prototype.js
FAIL:
Uncaught exception: Failure: expected <zero> found <undefined>
At line 56, column 2 in fail(expected, found, name_opt):
    throw new MjsUnitAssertionError(start + " expected <" + expected + "> found <" + found + ">");
called from line 109, column 4 in assertEquals(expected, found, name_opt):
    fail(expected, found, name_opt);
called from line 268, column 2 in runTest():
    assertEquals(2, array.length);
called from line 285, column 0 in program code:
    runTest();




number-limits.js
PASS

array-splice.js
FAIL:
Uncaught exception: Failure: expected <two> found <baz>
At line 56, column 2 in fail(expected, found, name_opt):
    throw new MjsUnitAssertionError(start + " expected <" + expected + "> found <" + found + ">");
called from line 109, column 4 in assertEquals(expected, found, name_opt):
    fail(expected, found, name_opt);
called from line 438, column 4 in program code:
    the_prototype[pos + 1] = undefined;




debug-step-stub-callfunction.js
FAIL:
Syntax error at line 252 while parsing script:
  reserved word used



try-catch-extension-object.js
PASS

dont-enum-array-holes.js
PASS

fun-as-prototype.js
FAIL:
Uncaught exception: Failure: expected <3> found <undefined>
At line 56, column 2 in fail(expected, found, name_opt):
    throw new MjsUnitAssertionError(start + " expected <" + expected + "> found <" + found + ">");
called from line 109, column 4 in assertEquals(expected, found, name_opt):
    fail(expected, found, name_opt);
called from line 234, column 0 in program code:
    assertEquals("Funky", x.name);




debug-evaluate-recursive.js
FAIL:
Syntax error at line 342 while parsing script:
  reserved word used



strict-equals.js
PASS

extra-commas.js
PASS

regexp-capture.js
PASS

double-equals.js
PASS

date.js
FAIL:
Uncaught exception: Failure: expected <8> found <17>
At line 56, column 2 in fail(expected, found, name_opt):
    throw new MjsUnitAssertionError(start + " expected <" + expected + "> found <" + found + ">");
called from line 109, column 4 in assertEquals(expected, found, name_opt):
    fail(expected, found, name_opt);
called from line 348, column 2 in testToLocaleTimeString():
    assertEquals(8, s.length);
called from line 351, column 0 in program code:
    testToLocaleTimeString();




newline-in-string.js
PASS

debug-references.js
FAIL:
Syntax error at line 316 while parsing script:
  reserved word used



invalid-lhs.js
FAIL:
Uncaught exception: Failure (threw an exception):  expected <true> found <false>
At line 56, column 2 in fail(expected, found, name_opt):
    throw new MjsUnitAssertionError(start + " expected <" + expected + "> found <" + found + ">");
called from line 109, column 4 in assertEquals(expected, found, name_opt):
    fail(expected, found, name_opt);
called from line 129, column 2 in assertTrue(value, name_opt):
    assertEquals(true, value, name_opt);
called from line 190, column 4 in assertDoesNotThrow(code):
    assertTrue(false, "threw an exception");
called from line 248, column 0 in program code:
    assertDoesNotThrow("if (false) (eval('12'))++");




has-own-property.js
FAIL:
Uncaught exception: Failure: expected <true> found <false>
At line 56, column 2 in fail(expected, found, name_opt):
    throw new MjsUnitAssertionError(start + " expected <" + expected + "> found <" + found + ">");
called from line 109, column 4 in assertEquals(expected, found, name_opt):
    fail(expected, found, name_opt);
called from line 129, column 2 in assertTrue(value, name_opt):
    assertEquals(true, value, name_opt);
called from line 236, column 0 in program code:
    assertTrue(Object.prototype.hasOwnProperty.call('', 'length'));




number-string-index-call.js
FAIL:
Uncaught exception: TypeError: RegExp.prototype.exec: this is not a RegExp object
At line 234, column 0 in program code:
    assertEquals('abc', callbacks['2']("abcdefg"));




debug-multiple-breakpoints.js
SKIP: V8 specific debug function

for-in-null-or-undefined.js
PASS

substr.js
PASS

unusual-constructor.js
FAIL:
Uncaught exception: TypeError: Cannot convert null or undefined to object
At line 230, column 0 in program code:
    var obj = new (Function.__proto__)();




string-lastindexof.js
FAIL:
Uncaught exception: Failure: expected <-1> found <0>
At line 56, column 2 in fail(expected, found, name_opt):
    throw new MjsUnitAssertionError(start + " expected <" + expected + "> found <" + found + ">");
called from line 109, column 4 in assertEquals(expected, found, name_opt):
    fail(expected, found, name_opt);
called from line 237, column 0 in program code:
    assertEquals(10, s.lastIndexOf("test"));




integer-to-string.js
PASS

const-eval-init.js
FAIL:
Uncaught exception: SyntaxError: at index 9 in "delete x;const x = 3; assertEquals(3, x);x = 4; assertEquals(4, x);": reserved word used
At line 243, column 2 in testIntroduceGlobal():
    eval(source);
called from line 247, column 0 in program code:
    assertEquals(4, x);




html-comments.js
PASS

eval.js
FAIL:
Uncaught exception: Failure: expected <true> found <false>
At line 56, column 2 in fail(expected, found, name_opt):
    throw new MjsUnitAssertionError(start + " expected <" + expected + "> found <" + found + ">");
called from line 109, column 4 in assertEquals(expected, found, name_opt):
    fail(expected, found, name_opt);
called from line 129, column 2 in assertTrue(value, name_opt):
    assertEquals(true, value, name_opt);
called from line 308, column 0 in program code:
    var x = this;




keyed-storage-extend.js
PASS

regexp-pcre.js
FAIL:
Syntax error at line 315 while parsing script:
  syntax error



delete-in-eval.js
FAIL:
Uncaught exception: Failure: expected <true> found <false>
At line 56, column 2 in fail(expected, found, name_opt):
    throw new MjsUnitAssertionError(start + " expected <" + expected + "> found <" + found + ">");
called from line 109, column 4 in assertEquals(expected, found, name_opt):
    fail(expected, found, name_opt);
called from line 129, column 2 in assertTrue(value, name_opt):
    assertEquals(true, value, name_opt);
called from line 233, column 0 in program code:
    assertTrue(eval("delete tmp"));




mirror-number.js
FAIL:
Uncaught exception: ReferenceError: Undefined variable: debug
At unknown location in testNumberMirror(n):
    /* no source available */
called from line 273, column 0 in program code:
    testNumberMirror(-6.5);




with-function-expression.js
PASS

string-charcodeat.js
PASS

global-const-var-conflicts.js
FAIL:
Uncaught exception: SyntaxError: at index 0 in "const a": reserved word used
At line 235, column 0 in program code:
    eval("const a");




new.js
PASS

class-of-builtins.js
PASS

delete-global-properties.js
PASS

debug-setbreakpoint.js
SKIP: V8 specific debug function

mjsunit.status
FAIL:
Syntax error at line 203 while parsing script:
  unexpected character: U+0023



number-tostring.js
FAIL:
Uncaught exception: Failure: expected <5a.1eb851eb852> found <90.12>
At line 56, column 2 in fail(expected, found, name_opt):
    throw new MjsUnitAssertionError(start + " expected <" + expected + "> found <" + found + ">");
called from line 109, column 4 in assertEquals(expected, found, name_opt):
    fail(expected, found, name_opt);
called from line 280, column 0 in program code:
    assertEquals("0.1999999999999a", (0.1).toString(16));




unicode-string-to-number.js
PASS

debug-sourceinfo.js
SKIP: V8 specific debug function

mirror-regexp.js
SKIP: V8 specific debug function

delete-vars-from-eval.js
PASS

big-array-literal.js
FAIL:
1
1
2
2
100
100
200
200
400
400
1000
1000
20000
20000



fuzz-natives.js
FAIL:
Syntax error at line 340 while parsing script:
  syntax error



toint32.js
PASS

cyclic-array-to-string.js
PASS

string-flatten.js
PASS

throw-and-catch-function.js
FAIL:
Uncaught exception: Failure: expected <true> found <false>
At line 56, column 2 in fail(expected, found, name_opt):
    throw new MjsUnitAssertionError(start + " expected <" + expected + "> found <" + found + ">");
called from line 109, column 4 in assertEquals(expected, found, name_opt):
    fail(expected, found, name_opt);
called from line 129, column 2 in assertTrue(value, name_opt):
    assertEquals(true, value, name_opt);
called from line 244, column 31 in program code:
    assertTrue(e() === g);




regexp-loop-capture.js
PASS

debug-script-breakpoints.js
SKIP: V8 specific debug function

const-declaration.js
FAIL:
Syntax error at line 241 while parsing script:
  reserved word used



debug-continue.js
SKIP: V8 specific debug function

with-prototype.js
FAIL:
Uncaught exception: Failure: expected <123> found <undefined>
At line 56, column 2 in fail(expected, found, name_opt):
    throw new MjsUnitAssertionError(start + " expected <" + expected + "> found <" + found + ">");
called from line 109, column 4 in assertEquals(expected, found, name_opt):
    fail(expected, found, name_opt);
called from line 246, column 0 in program code:
    assertEquals(123, o.x);




char-escape.js
PASS

d8-os.js
PASS

call.js
PASS

debug-backtrace.js
SKIP: V8 specific debug function

getter-in-value-prototype.js
FAIL:
Uncaught exception: Failure: expected <asdf> found <>
At line 56, column 2 in fail(expected, found, name_opt):
    throw new MjsUnitAssertionError(start + " expected <" + expected + "> found <" + found + ">");
called from line 109, column 4 in assertEquals(expected, found, name_opt):
    fail(expected, found, name_opt);
called from line 236, column 0 in program code:
    assertEquals('asdf', 'asdf'.x);




string-replace.js
FAIL:
Uncaught exception: Failure ("abc".replace(/(.)(?=(.))/g, [$$$$$$1$$$$$11$01$2$21$02$020$002$3$03])):  expected <[$$$1$$a1abb1bb0$002$3$03][$$$1$$b1bcc1cc0$002$3$03]c> found <[$$$1$$a1abb1bb0b$3$03][$$$1$$b1bcc1cc0c$3$03]c>
At line 56, column 2 in fail(expected, found, name_opt):
    throw new MjsUnitAssertionError(start + " expected <" + expected + "> found <" + found + ">");
called from line 109, column 4 in assertEquals(expected, found, name_opt):
    fail(expected, found, name_opt);
called from line 237, column 2 in replaceTest(result, subject, pattern, replacement):
    assertEquals(result, subject.replace(pattern, replacement), name);
called from line 319, column 0 in program code:
    replaceTest("[$$$1$$a1abb1bb0$002$3$03][$$$1$$b1bcc1cc0$002$3$03]c", 




nul-characters.js
PASS

regexp-lookahead.js
FAIL:
Uncaught exception: Failure (/^[^\'\"]*(?=([\'\"])).*\1(\w+)\1/.test("  'foo' ")):  expected <true> found <false>
At line 56, column 2 in fail(expected, found, name_opt):
    throw new MjsUnitAssertionError(start + " expected <" + expected + "> found <" + found + ">");
called from line 109, column 4 in assertEquals(expected, found, name_opt):
    fail(expected, found, name_opt);
called from line 129, column 2 in assertTrue(value, name_opt):
    assertEquals(true, value, name_opt);
called from line 240, column 4 in testRE(re, input, expected_result):
    assertTrue(re.test(input), testName);
called from line 280, column 0 in program code:
    testRE(re, '  "foo" ', true);




ascii-regexp-subject.js
PASS

string-match.js
FAIL:
Uncaught exception: Failure (Nonglobal-input):  expected <A man, a plan, a canal: Panama> found <NaN>
At line 56, column 2 in fail(expected, found, name_opt):
    throw new MjsUnitAssertionError(start + " expected <" + expected + "> found <" + found + ">");
called from line 109, column 4 in assertEquals(expected, found, name_opt):
    fail(expected, found, name_opt);
called from line 271, column 2 in testMatch(name, input, regexp, result, captures, from, to):
    assertEquals(input, RegExp.$input, name + "-$input");
called from line 295, column 0 in program code:
    testMatch("Nonglobal", stringSample, re_nog,




mul-exhaustive.js
PASS

big-object-literal.js
FAIL:
1
1
2
2
100
100
200
200
400
400
1000
1000
20000
20000



global-vars-with.js
PASS

string-add.js
PASS

deep-recursion.js
PASS

constant-folding.js
FAIL:
Syntax error at line 273 while parsing script:
  reserved word used



mirror-date.js
FAIL:
Uncaught exception: ReferenceError: Undefined variable: debug
At unknown location in testDateMirror(d, iso8601):
    /* no source available */
called from line 263, column 0 in program code:
    d = new Date();




error-constructors.js
FAIL:
Uncaught exception: Failure: expected <false> found <true>
At line 56, column 2 in fail(expected, found, name_opt):
    throw new MjsUnitAssertionError(start + " expected <" + expected + "> found <" + found + ">");
called from line 109, column 4 in assertEquals(expected, found, name_opt):
    fail(expected, found, name_opt);
called from line 134, column 2 in assertFalse(value, name_opt):
    assertEquals(false, value, name_opt);
called from line 232, column 0 in program code:
    Error.prototype.toString = Object.prototype.toString;




str-to-num.js
FAIL:
Uncaught exception: Failure ( Infinity):  expected <Infinity> found <NaN>
At line 56, column 2 in fail(expected, found, name_opt):
    throw new MjsUnitAssertionError(start + " expected <" + expected + "> found <" + found + ">");
called from line 109, column 4 in assertEquals(expected, found, name_opt):
    fail(expected, found, name_opt);
called from line 257, column 0 in program code:
    assertEquals(-Infinity, toNumber(" -Infinity "));




regexp-UC16.js
FAIL:
Uncaught exception: Failure (backref-UC16-backtrack):  expected <true> found <false>
At line 56, column 2 in fail(expected, found, name_opt):
    throw new MjsUnitAssertionError(start + " expected <" + expected + "> found <" + found + ">");
called from line 109, column 4 in assertEquals(expected, found, name_opt):
    fail(expected, found, name_opt);
called from line 129, column 2 in assertTrue(value, name_opt):
    assertEquals(true, value, name_opt);
called from line 240, column 0 in program code:
    assertTrue(/x(?:...|(...))\1x/i.test("x\u03c2\u03c3\u039b\u03a3\u03c2\u03bbx"),




debug-ignore-breakpoints.js
SKIP: V8 specific debug function

indexed-accessors.js
FAIL:
Uncaught exception: TypeError: 'o.__lookupGetter__('0')' is not a function
At line 236, column 0 in program code:
    assertEquals(o.x, o.__lookupGetter__('0')());




function-names.js
FAIL:
Uncaught exception: Failure: expected <toGMTString> found <toUTCString>
At line 56, column 2 in fail(expected, found, name_opt):
    throw new MjsUnitAssertionError(start + " expected <" + expected + "> found <" + found + ">");
called from line 109, column 4 in assertEquals(expected, found, name_opt):
    fail(expected, found, name_opt);
called from line 233, column 4 in TestFunctionNames(object, names):
    assertEquals(names[i], object[names[i]].name);
called from line 273, column 0 in program code:
    TestFunctionNames(Date.prototype, datePrototypeFunctions);




codegen_coverage.js
PASS

mirror-boolean.js
FAIL:
Uncaught exception: ReferenceError: Undefined variable: debug
At unknown location in testBooleanMirror(b):
    /* no source available */
called from line 261, column 0 in program code:
    testBooleanMirror(false);




testcfg.pyc
FAIL:
Syntax error at line 203 while parsing script:
  unexpected character: U+FFFD



dtoa.js
PASS

array-reduce.js
FAIL:
Uncaught exception: Failure (VerySparseReduceSum (call 1)):  expected <0,2,2000,,,,,,,,,,,,,,,,,,,,,,,,,,,,,,,,,,,,,,,,,,,,,,,,,,,,,,,,,,,,,,,,,,,,,,,,,,,,,,,,,,,,,,,,,,,,,,,,,,,,,,,,,,,,,,,,,,,,,,,,,,,,,,,,,,,,,,,,,,,,,,,,,,,,,,,,,,,,,,,,,,,,,,,,,,,,,,,,,,,,,,,,,,,,,,,,,,,,,,,,,,,,,,,,,,,,,,,,,,,,,,,,,,,,,,,,,,,,,,,,,,,,,,,,,,,,,,,,,,,,,,,,,,,,,,,,,,,,,,,,,,,,,,,,,,,,,,,,,,,,,,,,,,,,,,,,,,,,,,,,,,,,,,,,,,,,,,,,,,,,,,,,,,,,,,,,,,,,,,,,,,,,,,,,,,,,,,,,,,,,,,,,,,,,,,,,,,,,,,,,,,,,,,,,,,,,,,,,,,,,,,,,,,,,,,,,,,,,,,,,,,,,,,,,,,,,,,,,,,,,,,,,,,,,,,,,,,,,,,,,,,,,,,,,,,,,,,,,,,,,,,,,,,,,,,,,,,,,,,,,,,,,,,,,,,,,,,,,,,,,,,,,,,,,,,,,,,,,,,,,,,,,,,,,,,,,,,,,,,,,,,,,,,,,,,,,,,,,,,,,,,,,,,,,,,,,,,,,,,,,,,,,,,,,,,,,,,,,,,,,,,,,,,,,,,,,,,,,,,,,,,,,,,,,,,,,,,,,,,,,,,,,,,,,,,,,,,,,,,,,,,,,,,,,,,,,,,,,,,,,,,,,,,,,,,,,,,,,,,,,,,,,,,,,,,,,,,,,,,,,,,,,,,,,,,,,,,,,,,,,,,,,,,,,,,,,,,,,,,,,,,,,,,,,,,,,,,,,,,,,,,,,,,,,,,,,,,,,,,,,,,,,,,,,,,,,,,,,,,,,,,,,,,,,,,,,,,,,,,,,,,,,,,,,,,,,,,,,,,,,,,,,,,,,,,,,,,,,,,,,,,,,,,,,,,,,,,,,,,,,,,,,,,,,,,,,,,,,,,,,,,,,,,,,,,,,,,,,,,,,,,,,,,,,,,,,,,,,,,,,,,,,,,,,,,,,,,,,,,,,,,,,,,,,,,,,,,,,,,,,,,,,,,,,,,,,,,,,,,,,,,,,,,,,,,,,,,,,,,,,,,,,,,,,,,,,,,,,,,,,,,,,,,,,,,,,,,,,,,,,,,,,,,,,,,,,,,,,,,,,,,,,,,,,,,,,,,,,,,,,,,,,,,,,,,,,,,,,,,,,,,,,,,,,,,,,,,,,,,,,,,,,,,,,,,,,,,,,,,,,,,,,,,,,,,,,,,,,,,,,,,,,,,,,,,,,,,,,,,,,,,,,,,,,,,,,,,,,,,,,,,,,,,,,,,,,,,,,,,,,,,,,,,,,,,,,,,,,,,,,,,,,,,,,,,,,,,,,,,,,,,,,,,,,,,,,,,,,,,,,,,,,,,,,,,,,,,,,,,,,,,,,,,,,,,,,,,,,,,,,,,,,,,,,,,,,,,,,,,,,,,,,,,,,,,,,,,,,,,,,,,,,,,,,,,,,,,,,,,,,,,,,,,,,,,,,,,,,,,,,,,,,,,,,,,,,,,,,,,,,,,,,,,,,,,,,,,,,,,,,,,,,,,,,,,,,,,,,,,,,,,,,,,,,,,,,,,,,,,,,,,,,,,,,,,,,,,,,,,,,,,,,,,,,,,,,,,,,,,,,,,,,,,,,,,,,,,,,,,,,,,,,,,,,,,,,,,,,,,,,,,,,,,,,,,,,,,,,,,,,,,,,,,,,,,,,,,,,,,,,,,,,,,,,,,,,,,,,,,,,,,,,,,,,,,,,,,,,,,,,,,,,,,,,,,,,,,,,,,,,,,,,,,,,,,,,,,,,,,,,,,,,,,,,,,,,,,,,,,,,,,,,,,,,,,,,,,,,,,,,,,,,,,,,,,,,,,,,,,,,,,,,,,,,,,,,,,,,,,,,,,,,,,,,,,,,,,,,,,,,,,,,,,,,,,,,,,,,,,,,,,,,,,,,,,,,,,,,,,,,,,,,,,,,,,,,,,,,,,,,,,,,,,,,,,,,,,,,,,,,,,,,,,,,,,,,,,,,,,,,,,,,,,,,,,,,,,,,,,,,,,,,,,,,,,,,,,,,,,,,,2,,,,,,,,,,,,,,,,,,,,,,,,,,,,,,,,,,,,,,,,,,,,,,,,,,,,,,,,,,,,,,,,,,,,,,,,,,,,,,,,,,,,,,,,,,,,,,,,,,,,,,,,,,,,,,,,,,,,,,,,,,,,,,,,,,,,,,,,,,,,,,,,,,,,,,,,,,,,,,,,,,,,,,,,,,,,,,,,,,,,,,,,,,,,,,,,,,,,,,,,,,,,,,,,,,,,,,,,,,,,,,,,,,,,,,,,,,,,,,,,,,,,,,,,,,,,,,,,,,,,,,,,,,,,,,,,,,,,,,,,,,,,,,,,,,,,,,,,,,,,,,,,,,,,,,,,,,,,,,,,,,,,,,,,,,,,,,,,,,,,,,,,,,,,,,,,,,,,,,,,,,,,,,,,,,,,,,,,,,,,,,,,,,,,,,,,,,,,,,,,,,,,,,,,,,,,,,,,,,,,,,,,,,,,,,,,,,,,,,,,,,,,,,,,,,,,,,,,,,,,,,,,,,,,,,,,,,,,,,,,,,,,,,,,,,,,,,,,,,,,,,,,,,,,,,,,,,,,,,,,,,,,,,,,,,,,,,,,,,,,,,,,,,,,,,,,,,,,,,,,,,,,,,,,,,,,,,,,,,,,,,,,,,,,,,,,,,,,,,,,,,,,,,,,,,,,,,,,,,,,,,,,,,,,,,,,,,,,,,,,,,,,,,,,,,,,,,,,,,,,,,,,,,,,,,,,,,,,,,,,,,,,,,,,,,,,,,,,,,,,,,,,,,,,,,,,,,,,,,,,,,,,,,,,,,,,,,,,,,,,,,,,,,,,,,,,,,,,,,,,,,,,,,,,,,,,,,,,,,,,,,,,,,,,,,,,,,,,,,,,,,,,,,,,,,,,,,,,,,,,,,,,,,,,,,,,,,,,,,,,,,,,,,,,,,,,,,,,,,,,,,,,,,,,,,,,,,,,,,,,,,,,,,,,,,,,,,,,,,,,,,,,,,,,,,,,,,,,,,,,,,,,,,,,,,,,,,,,,,,,,,,,,,,,,,,,,,,,,,,,,,,,,,,,,,,,,,,,,,,,,,,,,,,,,,,,,,,,,,,,,,,,,,,,,,,,,,,,,,,,,,,,,,,,,,,,,,,,,,,,,,,,,,,,,,,,,,,,,,,,,,,,,,,,,,,,,,,,,,,,,,,,,,,,,,,,,,,,,,,,,,,,,,,,,,,,,,,,,,,,,,,,,,,,,,,,,,,,,,,,,,,,,,,,,,,,,,,,,,,,,,,,,,,,,,,,,,,,,,,,,,,,,,,,,,,,,,,,,,,,,,,,,,,,,,,,,,,,,,,,,,,,,,,,,,,,,,,,,,,,,,,,,,,,,,,,,,,,,,,,,,,,,,,,,,,,,,,,,,,,,,,,,,,,,,,,,,,,,,,,,,,,,,,,,,,,,,,,,,,,,,,,,,,,,,,,,,,,,,,,,,,,,,,,,,,,,,,,,,,,,,,,,,,,,,,,,,,,,,,,,,,,,,,,,,,,,,,,,,,,,,,,,,,,,,,,,,,,,,,,,,,,,,,,,,,,,,,,,,,,,,,,,,,,,,,,,,,,,,,,,,,,,,,,,,,,,,,,,,,,,,,,,,,,,,,,,,,,,,,,,,,,,,,,,,,,,,,,,,,,,,,,,,,,,,,,,,,,,,,,,,,,,,,,,,,,,,,,,,,,,,,,,,,,,,,,,,,,,,,,,,,,,,,,,,,,,,,,,,,,,,,,,,,,,,,,,,,,,,,,,,,,,,,,,,,,,,,,,,,,,,,,,,,,,,,,,,,,,,,,,,,,,,,,,,,,,,,,,,,,,,,,,,,,,,,,,,,,,,,,,,,,,,,,,,,,,,,,,,,,,,,,,,,,,,,,,,,,,,,,,,,,,,,,,,,,,,,,,,,,,,,,,,,,,,,,,,,,,,,,,,,,,,,,,,,,,,,,,,,,,,,,,,,,,,,,,,,,,,,,,,,,,,,,,,,,,,,,,,,,,,,,,,,,,,,,,,,,,,,,,,,,,,,,,,,,,,,,,,,,,,,,,,,,,,,,,,,,,,,,,,,,,,,,,,,,,,,,,,,,,,,,,,,,,,,,,,,,,,,,,,,,,,,,,,,,,,,,,,,,,,,,,,,,,,,,,,,,,,,,,,,,,,,,,,,,,,,,,,,,,,,,,,,,,,,,,,,,,,,,,,,,,,,,,,,,,,,,,,,,,,,,,,,,,,,,,,,,,,,,,,,,,,,,,,,,,,,,,,,,,,,,,,,,,,,,,,,,,,,,,,,,,,,,,,,,,,,,,,,,,,,,,,,,,,,,,,,,,,,,,,,,,,,,,,,,,,,,,,,,,,,,,,,,,,,,,,,,,,,,,,,,,,,,,,,,,,,,,,,,,,,,,,,,,,,,,,,,,,,,,,,,,,,,,,,,,,,,,,,,,,,,,,,,,,,,,,,,,,,,,,,,,,,,,,,,,,,,,,,,,,,,,,,,,,,,,,,,,,,,,,,,,,,,,,,,,,,,,,,,,,,,,,,,,,,,,,,,,,,,,,,,,,,,,,,,,,,,,,,,,,,,,,,,,,,,,,,,,,,,,,,,,,,,,,,,,,,,,,,,,,,,,,,,,,,,,,,,,,,,,,,,,,,,,,,,,,,,,,,,,,,,,,,,,,,,,,,,,,,,,,,,,,,,,,,,,,,,,,,,,,,,,,,,,,,,,,,,,,,,,,,,,,,,,,,,,,,,,,,,,,,,,,,,,,,,,,,,,,,,,,,,,,,,,,,,,,,,,,,,,,,,,,,,,,,,,,,,,,,,,,,,,,,,,,,,,,,,,,,,,,,,,,,,,,,,,,,,,,,,,,,,,,,,,,,,,,,,,,,,,,,,,,,,,,,,,,,,,,,,,,,,,,,,,,,,,,,,,,,,,,,,,,,,,,,,,,,,,,,,,,,,,,,,,,,,,,,,,,,,,,,,,,,,,,,,,,,,,,,,,,,,,,,,,,,,,,,,,,,,,,,,,,,,,,,,,,,,,,,,,,,,,,,,,,,,,,,,,,,,,,,,,,,,,,,,,,,,,,,,,,,,,,,,,,,,,,,,,,,,,,,,,,,,,,,,,,,,,,,,,,,,,,,,,,,,,,,,,,,,,,,,,,,,,,,,,,,,,,,,,,,,,,,,,,,,,,,,,,,,,,,,,,,,,,,,,,,,,,,,,,,,,,,,,,,,,,,,,,,,,,,,,,,,,,,,,,,,,,,,,,,,,,,,,,,,,,,,,,,,4,,,,,,,,,,,,,,,,,,,,,,,,,,,,,,,,,,,,,,,,,,,,,,,,,,,,,,,,,,,,,,,,,,,,,,,,,,,,,,,,,,,,,,,,,,,,,,,,,,,,,,,,,,,,,,,,,,,,,,,,,,,,,,,,,,,,,,,,,,,,,,,,,,,,,,,,,,,,,,,,,,,,,,,,,,,,,,,,,,,,,,,,,,,,,,,,,,,,,,,,,,,,,,,,,,,,,,,,,,,,,,,,,,,,,,,,,,,,,,,,,,,,,,,,,,,,,,,,,,,,,,,,,,,,,,,,,,,,,,,,,,,,,,,,,,,,,,,,,,,,,,,,,,,,,,,,,,,,,,,,,,,,,,,,,,,,,,,,,,,,,,,,,,,,,,,,,,,,,,,,,,,,,,,,,,,,,,,,,,,,,,,,,,,,,,,,,,,,,,,,,,,,,,,,,,,,,,,,,,,,,,,,,,,,,,,,,,,,,,,,,,,,,,,,,,,,,,,,,,,,,,,,,,,,,,,,,,,,,,,,,,,,,,,,,,,,,,,,,,,,,,,,,,,,,,,,,,,,,,,,,,,,,,,,,,,,,,,,,,,,,,,,,,,,,,,,,,,,,,,,,,,,,,,,,,,,,,,,,,,,,,,,,,,,,,,,,,,,,,,,,,,,,,,,,,,,,,,,,,,,,,,,,,,,,,,,,,,,,,,,,,,,,,,,,,,,,,,,,,,,,,,,,,,,,,,,,,,,,,,,,,,,,,,,,,,,,,,,,,,,,,,,,,,,,,,,,,,,,,,,,,,,,,,,,,,,,,,,,,,,,,,,,,,,,,,,,,,,,,,,,,,,,,,,,,,,,,,,,,,,,,,,,,,,,,,,,,,,,,,,,,,,,,,,,,,,,,,,,,,,,,,,,,,,,,,,,,,,,,,,,,,,,,,,,,,,,,,,,,,,,,,,,,,,,,,,,,,,,,,,,,,,,,,,,,,,,,,,,,,,,,,,,,,,,,,,,,,,,,,,,,,,,,,,,,,,,,,,,,,,,,,,,,,,,,,,,,,,,,,,,,,,,,,,,,,,,,,,,,,,,,,,,,,,,,,,,,,,,,,,,,,,,,,,,,,,,,,,,,,,,,,,,,,,,,,,,,,,,,,,,,,,,,,,,,,,,,,,,,,,,,,,,,,,,,,,,,,,,,,,,,,,,,,,,,,,,,,,,,,,,,,,,,,,,,,,,,,,,,,,,,,,,,,,,,,,,,,,,,,,,,,,,,,,,,,,,,,,,,,,,,,,,,,,,,,,,,,,,,,,,,,,,,,,,,,,,,,,,,,,,,,,,,,,,,,,,,,,,,,,,,,,,,,,,,,,,,,,,,,,,,,,,,,,,,,,,,,,,,,,,,,,,,,,,,,,,,,,,,,,,,,,,,,,,,,,,,,,,,,,,,,,,,,,,,,,,,,,,,,,,,,,,,,,,,,,,,,,,,,,,,,,,,,,,,,,,,,,,,,,,,,,,,,,,,,,,,,,,,,,,,,,,,,,,,,,,,,,,,,,,,,,,,,,,,,,,,,,,,,,,,,,,,,,,,,,,,,,,,,,,,,,,,,,,,,,,,,,,,,,,,,,,,,,,,,,,,,,,,,,,,,,,,,,,,,,,,,,,,,,,,,,,,,,,,,,,,,,,,,,,,,,,,,,,,,,,,,,,,,,,,,,,,,,,,,,,,,,,,,,,,,,,,,,,,,,,,,,,,,,,,,,,,,,,,,,,,,,,,,,,,,,,,,,,,,,,,,,,,,,,,,,,,,,,,,,,,,,,,,,,,,,,,,,,,,,,,,,,,,,,,,,,,,,,,,,,,,,,,,,,,,,,,,,,,,,,,,,,,,,,,,,,,,,,,,,,,,,,,,,,,,,,,,,,,,,,,,,,,,,,,,,,,,,,,,,,,,,,,,,,,,,,,,,,,,,,,,,,,,,,,,,,,,,,,,,,,,,,,,,,,,,,,,,,,,,,,,,,,,,,,,,,,,,,,,,,,,,,,,,,,,,,,,,,,,,,,,,,,,,,,,,,,,,,,,,,,,,,,,,,,,,,,,,,,,,,,,,,,,,,,,,,,,,,,,,,,,,,,,,,,,,,,,,,,,,,,,,,,,,,,,,,,,,,,,,,,,,,,,,,,,,,,,,,,,,,,,,,,,,,,,,,,,,,,,,,,,,,,,,,,,,,,,,,,,,,,,,,,,,,,,,,,,,,,,,,,,,,,,,,,,,,,,,,,,,,,,,,,,,,,,,,,,,,,,,,,,,,,,,,,,,,,,,,,,,,,,,,,,,,,,,,,,,,,,,,,,,,,,,,,,,,,,,,,,,,,,,,,,,,,,,,,,,,,,,,,,,,,,,,,,,,,,,,,,,,,,,,,,,,,,,,,,,,,,,,,,,,,,,,,,,,,,,,,,,,,,,,,,,,,,,,,,,,,,,,,,,,,,,,,,,,,,,,,,,,,,,,,,,,,,,,,,,,,,,,,,,,,,,,,,,,,,,,,,,,,,,,,,,,,,,,,,,,,,,,,,,,,,,,,,,,,,,,,,,,,,,,,,,,,,,,,,,,,,,,,,,,,,,,,,,,,,,,,,,,,,,,,,,,,,,,,,,,,,,,,,,,,,,,,,,,,,,,,,,,,,,,,,,,,,,,,,,,,,,,,,,,,,,,,,,,,,,,,,,,,,,,,,,,,,,,,,,,,,,,,,,,,,,,,,,,,,,,,,,,,,,,,,,,,,,,,,,,,,,,,,,,,,,,,,,,,,,,,,,,,,,,,,,,,,,,,,,,,,,,,,,,,,,,,,,,,,,,,,,,,,,,,,,,,,,,,,,,,,,,,,,,,,,,,,,,,,,,,,,,,,,,,,,,,,,,,,,,,,,,,,,,,,,,,,,,,,,,,,,,,,,,,,,,,,,,,,,,,,,,,,,,,,,,,,,,,,,,,,,,,,,,,,,,,,,,,,,,,,,,,,,,,,,,,,,,,,,,,,,,,,,,,,,,,,,,,,,,,,,,,,,,,,,,,,,,,,,,,,,,,,,,,,,,,,,,,,,,,,,,,,,,,,,,,,,,,,,,,,,,,,,,,,,,,,,,,,,,,,,,,,,,,,,,,,,,,,,,,,,,,,,,,,,,,,,,,,,,,,,,,,,,,,,,,,,,,,,,,,,,,,,,,,,,,,,,,,,,,,,,,,,,,,,,,,,,,,,,,,,,,,,,,,,,,,,,,,,,,,,,,,,,,,,,,,,,,,,,,,,,,,,,,,,,,,,,,,,,,,,,,,,,,,,,,,,,,,,,,,,,,,,,,,,,,,,,,,,,,,,,,,,,,,,,,,,,,,,,,,,,,,,,,,,,,,,,,,,,,,,,,,,,,,,,,,,,,,,,,,,,,,,,,,,,,,,,,,,,,,,,,,,,,,,,,,,,,,,,,,,,,,,,,,,,,,,,,,,,,,,,,,,,,,,,,,,,,,,,,,,,,,,,,,,,,,,,,,,,,,,,,,,,,,,,,,,,,,,,,,,,,,,,,,,,,,,,,,,,,,,,,,,,,,,,,,,,,,,,,,,,,,,,,,,,,,,,,,,,,,,,,,,,,,,,,,,,,,,,,,,,,,,,,,,,,,,,,,,,,,,,,,,,,,,,,,,,,,,,,,,,,,,,,,,,,,,,,,,,,,,,,,,,,,,,,,,,,,,,,,,,,,,,,,,,,,,,,,,,,,,,,,,,,,,,,,,,,,,,,,,,,,,,,,,,,,,,,,,,,,,,,,,,,,,,,,,,,,,,,,,,,,,,,,,,,,,,,,,,,,,,,,,,,,,,,,,,,,,,,,,,,,,,,,,,,,,,,,,,,,,,,,,,,,,,,,,,,,,,,,,,,,,,,,,,,,,,,,,,,,,,,,,,,,,,,,,,,,,,,,,,,,,,,,,,,,,,,,,,,,,,,,,,,,,,,,,,,,,,,,,,,,,,,,,,,,,,,,,,,,,,,,,,,,,,,,,,,,,,,,,,,,,,,,,,,,,,,,,,,,,,,,,,,,,,,,,,,,,,,,,,,,,,,,,,,,,,,,,,,,,,,,,,,,,,,,,,,,,,,,,,,,,,,,,,,,,,,,,,,,,,,,,,,,,,,,,,,,,,,,,,,,,,,,,,,,,,,,,,,,,,,,,,,,,,,,,,,,,,,,,,,,,,,,,,,,,,,,,,,,,,,,,,,,,,,,,,,,,,,,,,,,,,,,,,,,,,,,,,,,,,,,,,,,,,,,,,,,,,,,,,,,,,,,,,,,,,,,,,,,,,,,,,,,,,,,,,,,,,,,,,,,,,,,,,,,,,,,,,,,,,,,,,,,,,,,,,,,,,,,,,,,,,,,,,,,,,,,,,,,,,,,,,,,,6,,,,,,,,,,,,,,,,,,,,,,,,,,,,,,,,,,,,,,,,,,,,,,,,,,,,,,,,,,,,,,,,,,,,,,,,,,,,,,,,,,,,,,,,,,,,,,,,,,,,,,,,,,,,,,,,,,,,,,,,,,,,,,,,,,,,,,,,,,,,,,,,,,,,,,,,,,,,,,,,,,,,,,,,,,,,,,,,,,,,,,,,,,,,,,,,,,,,,,,,,,,,,,,,,,,,,,,,,,,,,,,,,,,,,,,,,,,,,,,,,,,,,,,,,,,,,,,,,,,,,,,,,,,,,,,,,,,,,,,,,,,,,,,,,,,,,,,,,,,,,,,,,,,,,,,,,,,,,,,,,,,,,,,,,,,,,,,,,,,,,,,,,,,,,,,,,,,,,,,,,,,,,,,,,,,,,,,,,,,,,,,,,,,,,,,,,,,,,,,,,,,,,,,,,,,,,,,,,,,,,,,,,,,,,,,,,,,,,,,,,,,,,,,,,,,,,,,,,,,,,,,,,,,,,,,,,,,,,,,,,,,,,,,,,,,,,,,,,,,,,,,,,,,,,,,,,,,,,,,,,,,,,,,,,,,,,,,,,,,,,,,,,,,,,,,,,,,,,,,,,,,,,,,,,,,,,,,,,,,,,,,,,,,,,,,,,,,,,,,,,,,,,,,,,,,,,,,,,,,,,,,,,,,,,,,,,,,,,,,,,,,,,,,,,,,,,,,,,,,,,,,,,,,,,,,,,,,,,,,,,,,,,,,,,,,,,,,,,,,,,,,,,,,,,,,,,,,,,,,,,,,,,,,,,,,,,,,,,,,,,,,,,,,,,,,,,,,,,,,,,,,,,,,,,,,,,,,,,,,,,,,,,,,,,,,,,,,,,,,,,,,,,,,,,,,,,,,,,,,,,,,,,,,,,,,,,,,,,,,,,,,,,,,,,,,,,,,,,,,,,,,,,,,,,,,,,,,,,,,,,,,,,,,,,,,,,,,,,,,,,,,,,,,,,,,,,,,,,,,,,,,,,,,,,,,,,,,,,,,,,,,,,,,,,,,,,,,,,,,,,,,,,,,,,,,,,,,,,,,,,,,,,,,,,,,,,,,,,,,,2> found <0,2,2000,,,,,,,,,,,,,,,,,,,,,,,,,,,,,,,,,,,,,,,,,,,,,,,,,,,,,,,,,,,,,,,,,,,,,,,,,,,,,,,,,,,,,,,,,,,,,,,,,,,,,,,,,,,,,,,,,,,,,,,,,,,,,,,,,,,,,,,,,,,,,,,,,,,,,,,,,,,,,,,,,,,,,,,,,,,,,,,,,,,,,,,,,,,,,,,,,,,,,,,,,,,,,,,,,,,,,,,,,,,,,,,,,,,,,,,,,,,,,,,,,,,,,,,,,,,,,,,,,,,,,,,,,,,,,,,,,,,,,,,,,,,,,,,,,,,,,,,,,,,,,,,,,,,,,,,,,,,,,,,,,,,,,,,,,,,,,,,,,,,,,,,,,,,,,,,,,,,,,,,,,,,,,,,,,,,,,,,,,,,,,,,,,,,,,,,,,,,,,,,,,,,,,,,,,,,,,,,,,,,,,,,,,,,,,,,,,,,,,,,,,,,,,,,,,,,,,,,,,,,,,,,,,,,,,,,,,,,,,,,,,,,,,,,,,,,,,,,,,,,,,,,,,,,,,,,,,,,,,,,,,,,,,,,,,,,,,,,,,,,,,,,,,,,,,,,,,,,,,,,,,,,,,,,,,,,,,,,,,,,,,,,,,,,,,,,,,,,,,,,,,,,,,,,,,,,,,,,,,,,,,,,,,,,,,,,,,,,,,,,,,,,,,,,,,,,,,,,,,,,,,,,,,,,,,,,,,,,,,,,,,,,,,,,,,,,,,,,,,,,,,,,,,,,,,,,,,,,,,,,,,,,,,,,,,,,,,,,,,,,,,,,,,,,,,,,,,,,,,,,,,,,,,,,,,,,,,,,,,,,,,,,,,,,,,,,,,,,,,,,,,,,,,,,,,,,,,,,,,,,,,,,,,,,,,,,,,,,,,,,,,,,,,,,,,,,,,,,,,,,,,,,,,,,,,,,,,,,,,,,,,,,,,,,,,,,,,,,,,,,,,,,,,,,,,,,,,,,,,,,,,,,,,,,,,,,,,,,,,,,,,,,,,,,,,,,,,,,,,,,,,,,,,,,,,,,,,,,,,,,,,,,,,,,,,,,,,,,,,,,,,,,,,,,,,,,,,,,,,,,,,,,,,,,,,,,,,,,,,,,,,,,,,,,,,,,,,,,,,,,,,,,,,,,,,,,,,,,,,,,,,,,,,,,,,,,,,,,,,,,,,,,,,,,,,,,,,,,,,,,,,,,,,,,,,,,,,,,,,,,,,,,,,,,,,,,,,,,,,,,,,,,,,,,,,,,,,,,,,,,,,,,,,,,,,,,,,,,,,,,,,,,,,,,,,,,,,,,,,,,,,,,,,,,,,,,,,,,,,,,,,,,,,,,,,,,,,,,,,,,,,,,,,,,,,,,,,,,,,,,,,,,,,,,,,,,,,,,,,,,,,,,,,,,,,,,,,,,,,,,,,,,,,,,,,,,,,,,,,,,,,,,,,,,,,,,,,,,,,,,,,,,,,,,,,,,,,,,,,,,,,,,,,,,,,,,,,,,,,,,,,,,,,,,,,,,,,,,,,,,,,,,,,,,,,,,,,,,,,,,,,,,,,,,,,,,,,,,,,,,,,,,,,,,,,,,,,,,,,,,,,,,,,,,,,,,,,,,,,,,,,,,,,,,,,,,,,,,,,,,,,,,,,,,,,,,,,,,,,,,,,,,,,,,,,,,,,,,,,,,,,,,,,,,,,,,,,,,,,,,,,,,,,,,,,,,,,,,,,,,,,,,,,,,,,,,,,,,,,,,,,,,,,,,,,,,,,,,,,,,,,,,,,,,,,,,,,,,,,,,,,,,,,,,,,,,,,,,,,,,,,,,,,,,,,,,,,,,,,,,,,,,,,,,,,,,,,,,,,,,,,,,,,,,,,,,,,,,,,,,,,,,,,,,,,,,,,,,,,,,,,,,,,,,,,,,,,,,,,,,,,,,,,,,,,,,,,,,,,,,,,,,,,,,,,,,,,,,,,,,,,,,,,,,,,,,,,,,,,,,,,,,,,,,,,,,,,,,,,,,,,,,,,,,,,,,,,,,,,,,,,,,,,,,,,,,,,,,,,,,,,,,,,,,,,,,,,,,,,,,,,,,,,,,,,,,,,,,,,,,,,,,,,,,,,,,,,,,,,,,,,,,,,,,,,,,,,,,,,,,,,,,,,,,,,,,,,,,,,,,,,,,,,,,,,,,,,,,,,,,,,,,,,,,,,,,,,,,,,,,,,,,,,,,,,,,,,,,,,,,,,,,,,,,,,,,,,,,,,,,,,,,,,,,,,,,,,,,,,,,,,,,,,,,,,,,,,,,,,,,,,,,,,,,,,,,,,,,,,,,,,,,,,,,,,,,,,,,,,,,,,,,,,,,,,,,,,,,,,,,,,,,,,,,,,,,,,,,,,,,,,,,,,,,,,,,,,,,,,,,,,,,,,,,,,,,,,,,,,,,,,,,,,,,,,,,,,,,,,,,,,,,,,,,,,,,,,,,,,,,,,,,,,,,,,,,,,,,,,,,,,,,,,,,,,,,,,,,,,,,,,,,,,,,,,,,,,,,,,,,,,,,,,,,,,,,,,,,,,,,,,,,,,,,,,,,,,,,,,,,,,,,,,,,,,,,,,,,,,,,,,,,,,,,,,,,,,,,,,,,,,,,,,,,,,,,,,,,,,,,,,,,,,,,,,,,,,,,,,,,,,,,,,,,,,,,,,,,,,,,,,,,,,,,,,,,,,,,,,,,,,,,,,,,,,,,,,,,,,,,,,,,,,,,,,,,,,,,,,,,,,,,,,,,,,,,,,,,,,,,,,,,,,,,,,,,,,,,,,,,,,,,,,,,,,,,,,,,,,,,,,,,,,,,,,,,,,,,,,,,,,,,,,,,,,,,,,,,,,,,,,,,,,,,,,,,,,,,,,,,,,,,,,,,,,,,,,,,,,,,,,,,,,,,,,,,,,,,,,,,,,,,,,,,,,,,,,,,,,,,,,,,,,,,,,,,,,,,,,,,,,,,,,,,,,,,,,,,,,,,,,,,,,,,,,,,,,,,,,,,,,,,,,,,,,,,,,,,,,,,,,,,,,,,,,,,,,,,,,,,,,,,,,,,,,,,,,,,,,,,,,,,,,,,,,,,,,,,,,,,,,,,,,,,,,,,,,,,,,,,,,,,,,,,,,,,,,,,,,,,,,,,,,,,,,,,,,,,,,,,,,,,,,,,,,,,,,,,,,,,,,,,,,,,,,,,,,,,,,,,,,,,,,,,,,,,,,,,,,,,,,,,,,,,,,,,,,,,,,,,,,,,,,,,,,,,,,,,,,,,,,,,,,,,,,,,,,,,,,,,,,,,,,,,,,,,,,,,,,,,,,,,,,,,,,,,,,,,,,,,,,,,,,,,,,,,,,,,,,,,,,,,,,,,,,,,,,,,,,,,,,,,,,,,,,,,,,,,,,,,,,,,,,,,,,,,,,,,,,,,,,,,,,,,,,,,,,,,,,,,,,,,,,,,,,,,,,,,,,,,,,,,,,,,,,,,,,,,,,,,,,,,,,,,,,,,,,,,,,,,,,,,,,,,,,,,,,,,,,,,,,,,,,,,,,,,,,,,,,,,,,,,,,,,,,,,,,,,,,,,,,,,,,,,,,,,,,,,,,,,,,,,,,,,,,,,,,,,,,,,,,,,,,,,,,,,,,,,,,,,,,,,,,,,,,,,,,,,,,,,,,,,,,,,,,,,,,,,,,,,,,,,,,,,,,,,,,,,,,,,,,,,,,,,,,,,,,,,,,,,,,,,,,,,,,,,,,,,,,,,,,,,,,,,,,,,,,,,,,,,,,,,,,,,,,,,,,,,,,,,,,,,,,,,,,,,,,,,,,,,,,,,,,,,,,,,,,,,,,,,,,,,,,,,,,,,,,,,,,,,,,,,,,,,,,,,,,,,,,,,,,,,,,,,,,,,,,,,,,,,,,,,,,,,,,,,,,,,,,,,,,,,,,,,,,,,,,,,,,,,,,,,,,,,,,,,,,,,,,,,,,,,,,,,,,,,,,,,,,,,,,,,,,,,,,,,,,,,,,,,,,,,,,,,,,,,,,,,,,,,,,,,,,,,,,,,,,,,,,,,,,,,,,,,,,,,,,,,,,,,,,,,,,,,,,,,,,,,,,,,,,,,,,,,,,,,,,,,,,,,,,,,,,,,,,,,,,,,,,,,,,,,,,,,,,,,,,,,,,,,,,,,,,,,,,,,,,,,,,,,,,,,,,,,,,,,,,,,,,,,,,,,,,,,,,,,,,,,,,,,,,,,,,,,,,,,,,,,,,,,,,,,,,,,,,,,,,,,,,,,,,,,,,,,,,,,,,,,,,,,,,,,,,,,,,,,,,,,,,,,,,,,,,,,,,,,,,,,,,,,,,,,,,,,,,,,,,,,,,,,,,,,,,,,,,,,,,,,,,,,,,,,,,,,,,,,,,,,,,,,,,,,,,,,,,,,,,,,,,,,,,,,,,,,,,,,,,,,,,,,,,,,,,,,,,,,,,,,,,,,,,,,,,,,,,,,,,,,,,,,,,,,,,,,,,,,,,,,,,,,,,,,,,,,,,,,,,,,,,,,,,,,,,,,,,,,,,,,,,,,,,,,,,,,,,,,,,,,,,,,,,,,,,,,,,,,,,,,,,,,,,,,,,,,,,,,,,,,,,,,,,,,,,,,,,,,,,,,,,,,,,,,,,,,,,,,,,,,,,,,,,,,,,,,,,,,,,,,,,,,,,,,,,,,,,,,,,,,,,,,,,,,,,,,,,,,,,,,,,,,,,,,,,,,,,,,,,,,,,,,,,,,,,,,,,,,,,,,,,,,,,,,,,,,,,,,,,,,,,,,,,,,,,,,,,,,,,,,,,,,,,,,,,,,,,,,,,,,,,,,,,,,,,,,,,,,,,,,,,,,,,,,,,,,,,,,,,,,,,,,,,,,,,,,,,,,,,,,,,,,,,,,,,,,,,,,,,,,,,,,,,,,,,,,,,,,,,,,,,,,,,,,,,,,,,,,,,,,,,,,,,,,,,,,,,,,,,,,,,,,,,,,,,,,,,,,,,,,,,,,,,,,,,,,,,,,,,,,,,,,,,,,,,,,,,,,,,,,,,,,,,,,,,,,,,,,,,,,,,,,,,,,,,,,,,,,,,,,,,,,,,,,,,,,,,,,,,,,,,,,,,,,,,,,,,,,,,,,,,,,,,,,,,,,,,,,,,,,,,,,,,,,,,,,,,,,,,,,,,,,,,,,,,,,,,,,,,,,,,,,,,,,,,,,,,,,,,,,,,,,,,,,,,,,,,,,,,,,,,,,,,,,,,,,,,,,,,,,,,,,,,,,,,,,,,,,,,,,,,,,,,,,,,,,,,,,,,,,,,,,,,,,,,,,,,,,,,,,,,,,,,,,,,,,,,,,,,,,,,,,,,,,,,,,,,,,,,,,,,,,,,,,,,,,,,,,,,,,,,,,,,,,,,,,,,,,,,,,,,,,,,,,,,,,,,,,,,,,,,,,,,,,,,,,,,,,,,,,,,,,,,,,,,,,,,,,,,,,,,,,,,,,,,,,,,,,,,,,,,,,,,,,,,,,,,,,,,,,,,,,,,,,,,,,,,,,,,,,,,,,,,,,,,,,,,,,,,,,,,,,,,,,,,,,,,,,,,,,,,,,,,,,,,,,,,,,,,,,,,,,,,,,,,,,,,,,,,,,,,,,,,,,,,,,,,,,,,,,,,,,,,,,,,,,,,,,,,,,,,,,,,,,,,,,,,,,,,,,,,,,,,,,,,,,,,,,,,,,,,,,,,,,,,,,,,,,,,,,,,,,,,,,,,,,,,,,,,,,,,,,,,,,,,,,,,,,,,,,,,,,,,,,,,,,,,,,,,,,,,,,,,,,,,,,,,,,,,,,,,,,,,,,,,,,,,,,,,,,,,,,,,,,,,,,,,,,,,,,,,,,,,,,,,,,,,,,,,,,,,,,,,,,,,,,,,,,,,,,,,,,,,,,,,,,,,,,,,,,,,,,,,,,,,,,,,,,,,,,,,,,,,,,,,,,,,,,,,,,,,,,,,,,,,,,,,,,,,,,,,,,,,,,,,,,,,,,,,,,,,,,,,,,,,,,,,,,,,,,,,,,,,,,,,,,,,,,,,,,,,,,,,,,,,,,,,,,,,,,,,,,,,,,,,,,,,,,,,,,,,,,,,,,,,,,,,,,,,,,,,,,,,,,,,,,,,,,,,,,,,,,,,,,,,,,,,,,,,,,,,,,,,,,,,,,,,,,,,,,,,,,,,,,,,,,,,,,,,,,,,,,,,,,,,,,,,,,,,,,,,,,,,,,,,,,,,,,,,,,,,,,,,,,,,,,,,,,,,,,,,,,,,,,,,,,,,,,,,,,,,,,,,,,,,,,,,,,,,,,,,,,,,,,,,,,,,,,,,,,,,,,,,,,,,,,,,,,,,,,,,,,,,,,,,,,,,,,,,,,,,,,,,,,,,,,,,,,,,,,,,,,,,,,,,,,,,,,,,,,,,,,,,,,,,,,,,,,,,,,,,,,,,,,,,,,,,,,,,,,,,,,,,,,,,,,,,,,,,,,,,,,,,,,,,,,,,,,,,,,,,,,,,,,,,,,,,,,,,,,,,,,,,,,,,,,,,,,,,,,,,,,,,,,,,,,,,,,,,,,,,,,,,,,,,,,,,,,,,,,,,,,,,,,,,,,,,,,,,,,,,,,,,,,,,,,,,,,,,,,,,,,,,,,,,,,,,,,,,,,,,,,,,,,,,,,,,,,,,,,,,,,,,,,,,,,,,,,,,,,,,,,,,,,,,,,,,,,,,,,,,,,,,,,,,,,,,,,,,,,,,,,,,,,,,,,,,,,,,,,,,,,,,,,,,,,,,,,,,,,,,,,,,,,,,,,,,,,,,,,,,,,,,,,,,,,,,,,,,,,,,,,,,,,,,,,,,,,,,,,,,,,,,,,,,,,,,,,,,,,,,,,,,,,,,,,,,,,,,,,,,,,,,,,,,,,,,,,,,,,,,,,,,,,,,,,,,,,,,,,,,,,,,,,,,,,,,,,,,,,,,,,,,,,,,,,,,,,,,,,,,,,,,,,,,,,,,,,,,,,,,,,,,,,,,,,,,,,,,,,,,,,,,,,,,,,,,,,,,,,,,,,,,,,,,,,,,,,,,,,,,,,,,,,,,,,,,,,,,,,,,,,,,,,,,,,,,,,,,,,,,,,,,,,,,,,,,,,,,,,,,,,,,,,,,,,,,,,,,,,,,,,,,,,,,,,,,,,,,,,,,,,,,,,,,,,,,,,,,,,,,,,,,,,,,,,,,,,,,,,,,,,,,,,,,,,,,,,,,,,,,,,,,,,,,,,,,,,,,,,,,,,,,,,,,,,,,,,,,,,,,,,,,,,,,,,,,,,,,,,,,,,,,,,,,,,,,,,,,,,,,,,,,,,,,,,,,,,,,,,,,,,,,,,,,,,,,,,,,,,,,,,,,,,,,,,,,,,,,,,,,,,,,,,,,,,,,,,,,,,,,,,,,,,,,,,,,,,,,,,,,,,,,,,,,,,,,,,,,,,,,,,,,,,,,,,,,,,,,,,,,,,,,,,,,,,,,,,,,,,,,,,,,,,,,,,,,,,,,,,,,,,,,,,,,,,,,,,,,,,,,,,,,,,,,,,,,,,,,,,,,,,,,,,,,,,,,,,,,,,,,,,,,,,,,,,,,,,,,,,,,,,,,,,,,,,,,,,,,,,,,,,,,,,,,,,,,,,,,,,,,,,,,,,,,,,,,,,,,,,,,,,,,,,,,,,,,,,,,,,,,,,,,,,,,,,,,,,,,,,,,,,,,,,,,,,,,,,,,,,,,,,,,,,,,,,,,,,,,,,,,,,,,,,,,,,,,,,,,,,,,,,,,,,,,,,,,,,,,,,,,,,,,,,,,,,,,,,,,,,,,,,,,,,,,,,,,,,,,,,,,,,,,,,,,,,,,,,,,,,,,,,,,,,,,,,,,,,,,,,,,,,,,,,,,,,,,,,,,,,,,,,,,,,,,,,,,,,,,,,,,,,,,,,,,,,,,,,,,,,,,,,,,,,,,,,,,,,,,,,,,,,,,,,,,,,,,,,,,,,,,,,,,,,,,,,,,,,,,,,,,,,,,,,,,,,,,,,,,,,,,,,,,,,,,,,,,,,,,,,,,,,,,,,,,,,,,,,,,,,,,,,,,,,,,,,,,,,,,,,,,,,,,,,,,,,,,,,,,,,,,,,,,,,,,,,,,,,,,,,,,,,,,,,,,,,,,,,,,,,,,,,,,,,,,,,,,,,,,,,,,,,,,,,,,,,,,,,,,,,,,,,,,,,,,,,,,,,,,,,,,,,,,,,,,,,,,,,,,,,,,,,,,,,,,,,,,,,,,,,,,,,,,,,,,,,,,,,,,,,,,,,,,,,,,,,,,,,,,,,,,,,,,,,,,,,,,,,,,,,,,,,,,,,,,,,,,,,,,,,,,,,,,,,,,,,,,,,,,,,,,,,,,,,,,,,,,,,,,,,,,,,,,,,,,,,,,,,,,,,,,,,,,,,,,,,,,,,,,,,,,,,,,,,,,,,,,,,,,,,,,,,,,,,,,,,,,,,,,,,,,,,,,,,,,,,,,,,,,,,,,,,,,,,,,,,,,,,,,,,,,,,,,,,,,,,,,,,,,,,,,,,,,,,,,,,,,,,,,,,,,,,,,,,,,,,,,,,,,,,,,,,,,,,,,,,,,,,,,,,,,,,,,,,,,,,,,,,,,,,,,,,,,,,,,,,,,,,,,,,,,,,,,,,,,,,,,,,,,,,,,,,,,,,,,,,,,,,,,,,,,,,,,,,,,,,,,,,,,,,,,,,,,,,,,,,,,,,,,,,,,,,,,,,,,,,,,,,,,,,,,,,,,,,,,,,,,,,,,,,,,,,,,,,,,,,,,,,,,,,,,,,,,,,,,,,,,,,,,,,,,,,,,,,,,,,,,,,,,,,,,,,,,,,,,,,,,,,,,,,,,,,,,,,,,,,,,,,,,,,,,,,,,,,,,,,,,,,,,,,,,,,,,,,,,,,,,,,,,,,,,,,,,,,,,,,,,,,,,,,,,,,,,,,,,,,,,,,,,,,,,,,,,,,,,,,,,,,,,,,,,,,,,,,,,,,,,,,,,,,,,,,,,,,,,,,,,,,,,,,,,,,,,,,,,,,,,,,,,,,,,,,,,,,,,,,,,,,,,,,,,,,,,,,,,,,,,,,,,,,,,,,,,,,,,,,,,,,,,,,,,,,,,,,,,,,,,,,,,,,,,,,,,,,,,,,,,,,,,,,,,,,,,,,,,,,,,,,,,,,,,,,,,,,,,,,,,,,,,,,,,,,,,,,,,,,,,,,,,,,,,,,,,,,,,,,,,,,,,,,,,,,,,,,,,,,,,,,,,,,,,,,,,,,,,,,,,,,,,,,,,,,,,,,,,,,,,,,,,,,,,,,,,,,,,,,,,,,,,,,,,,,,,,,,,,,,,,,,,,,,,,,,,,,,,,,,,,,,,,,,,,,,,,,,,,,,,,,,,,,,,,,,,,,,,,,,,,,,,,,,,,,,,,,,,,,,,,,,,,,,,,,,,,,,,,,,,,,,,,,,,,,,,,,,,,,,,,,,,,,,,,,,,,,,,,,,,,,,,,,,,,,,,,,,,,,,,,,,,,,,,,,,,,,,,,,,,,,,,,,,,,,,,,,,,,,,,,,,,,,,,,,,,,,,,,,,,,,,,,,,,,,,,,,,,,,,,,,,,,,,,,,,,,,,,,,,,,,,,,,,,,,,,,,,,,,,,,,,,,,,,,,,,,,,,,,,,,,,,,,,,,,,,,,,,,,,,,,,,,,,,,,,,,,,,,,,,,,,,,,,,,,,,,,,,,,,,,,,,,,,,,,,,,,,,,,,,,,,,,,,,,,,,,,,,,,,,,,,,,,,,,,,,,,,,,,,,,,,,,,,,,,,,,,,,,,,,,,,,,,,,,,,,,,,,,,,,,,,,,,,,,,,,,,,,,,,,,,,,,,,,,,,,,,,,,,,,,,,,,,,,,,,,,,,,,,,,,,,,,,,,,,,,,,,,,,,,,,,,,,,,,,,,,,,,,,,,,,,,,,,,,,,,,,,,,,,,,,,,,,,,,,,,,,,,,,,,,,,,,,,,,,,,,,,,,,,,,,,,,,,,,,,,,,,,,,,,,,,,,,,,,,,,,,,,,,,,,,,,,,,,,,,,,,,,,,,,,,,,,,,,,,,,,,,,,,,,,,,,,,,,,,,,,,,,,,,,,,,,,,,,,,,,,,,,,,,,,,,,,,,,,,,,,,,,,,,,,,,,,,,,,,,,,,,,,,,,,,,,,,,,,,,,,,,,,,,,,,,,,,,,,,,,,,,,,,,,,,,,,,,,,,,,,,,,,,,,,,,,,,,,,,,,,,,,,,,,,,,,,,,,,,,,,,,,,,,,,,,,,,,,,,,,,,,,,,,,,,,,,,,,,,,,,,,,,,,,,,,,,,,,,,,,,,,,,,,,,,,,,,,,,,,,,,,,,,,,,,,,,,,,,,,,,,,,,,,,,,,,,,,,,,,,,,,,,,,,,,,,,,,,,,,,,,,,,,,,,,,,,,,,,,,,,,,,,,,,,,,,,,,,,,,,,,,,,,,,,,,,,,,,,,,,,,,,,,,,,,,,,,,,,,,,,,,,,,,,,,,,,,,,,,,,,,,,,,,,,,,,,,,,,,,,,,,,,,,,,,,,,,,,,,,,,,,,,,,,,,,,,,,,,,,,,,,,,,,,,,,,,,,,,,,,,,,,,,,,,,,,,,,,,,,,,,,,,,,,,,,,,,,,,,,,,,,,,,,,,,,,,,,,,,,,,,,,,,,,,,,,,,,,,,,,,,,,,,,,,,,,,,,,,,,,,,,,,,,,,,,,,,,,,,,,,,,,,,,,,,,,,,,,,,,,2>
At line 56, column 2 in fail(expected, found, name_opt):
    throw new MjsUnitAssertionError(start + " expected <" + expected + "> found <" + found + ">");
called from line 109, column 4 in assertEquals(expected, found, name_opt):
    fail(expected, found, name_opt);
called from line 295, column 4 in testReduce(type, testName, expectedResult, expectedCalls, array, combine, init):
    assertEquals(expectedCalls[i], calls[i],
called from line 395, column 0 in program code:
    testReduce("reduce", "VerySparseReduceProd", 48,




touint32.js
PASS

debug-handle.js
FAIL:
Syntax error at line 432 while parsing script:
  reserved word used



debug-changebreakpoint.js
SKIP: V8 specific debug function

debug-compile-event.js
SKIP: V8 specific debug function

with-parameter-access.js
PASS

test.out
FAIL:
Syntax error at line 206 while parsing script:
  expected ';', got 'error'



json.js
FAIL:
Uncaught exception: TypeError: '(3).toJSON' is not a function
At line 250, column 0 in program code:
    assertEquals(3, (3).toJSON());




value-callic-prototype-change.js
PASS

global-load-from-eval-in-with.js
FAIL:
Uncaught exception: Failure: expected <42> found <27>
At line 56, column 2 in fail(expected, found, name_opt):
    throw new MjsUnitAssertionError(start + " expected <" + expected + "> found <" + found + ">");
called from line 109, column 4 in assertEquals(expected, found, name_opt):
    fail(expected, found, name_opt);
called from line 1, column 30 in g():
    assertEquals(42, x)
called from line 1, column 53 in f():
    g()
called from line 1, column 60 in evaluated code:
    f();




global-load-from-nested-eval.js
PASS

local-load-from-eval.js
PASS

top-level-assignments.js
PASS

global-load-from-eval.js
PASS

property-load-across-eval.js
PASS

eval-enclosing-function-name.js
PASS

regexp-string-methods.js
PASS

receiver-in-with-calls.js
PASS

override-read-only-property.js
FAIL:
Uncaught exception: Failure: expected <42> found <1.7976931348623157e+308>
At line 56, column 2 in fail(expected, found, name_opt):
    throw new MjsUnitAssertionError(start + " expected <" + expected + "> found <" + found + ">");
called from line 109, column 4 in assertEquals(expected, found, name_opt):
    fail(expected, found, name_opt);
called from line 251, column 0 in program code:
    f = new F();




undeletable-functions.js
FAIL:
Array prototype
Uncaught exception: Failure (not there after delete: toString):  expected <true> found <false>
At line 56, column 2 in fail(expected, found, name_opt):
    throw new MjsUnitAssertionError(start + " expected <" + expected + "> found <" + found + ">");
called from line 109, column 4 in assertEquals(expected, found, name_opt):
    fail(expected, found, name_opt);
called from line 129, column 2 in assertTrue(value, name_opt):
    assertEquals(true, value, name_opt);
called from line 351, column 2 in CheckNotDeletable(type, prop):
    assertTrue(type.hasOwnProperty(prop), "not there after delete: " + prop);
called from line 318, column 4 in CheckJSCSemantics(type, props, name):
    CheckNotDeletable(type, props[i]);




getter-in-prototype.js
FAIL:
Uncaught exception: Failure (did not throw exception):  expected <true> found <false>
At line 56, column 2 in fail(expected, found, name_opt):
    throw new MjsUnitAssertionError(start + " expected <" + expected + "> found <" + found + ">");
called from line 109, column 4 in assertEquals(expected, found, name_opt):
    fail(expected, found, name_opt);
called from line 129, column 2 in assertTrue(value, name_opt):
    assertEquals(true, value, name_opt);
called from line 175, column 23 in assertThrows(code, type_opt, cause_opt):
    assertTrue(false, "did not throw exception");
called from line 245, column 0 in program code:
    assertThrows("f()");




string-replace-gc.js
FAIL:
2555904



multiple-return.js
PASS

short-circuit-boolean.js
PASS

object-literal.js
FAIL:
Uncaught exception: Failure: expected <true> found <false>
At line 56, column 2 in fail(expected, found, name_opt):
    throw new MjsUnitAssertionError(start + " expected <" + expected + "> found <" + found + ">");
called from line 109, column 4 in assertEquals(expected, found, name_opt):
    fail(expected, found, name_opt);
called from line 129, column 2 in assertTrue(value, name_opt):
    assertEquals(true, value, name_opt);
called from line 301, column 0 in program code:
    assertFalse(a[0][1] === b[0][1]);




harness.py~
FAIL:
Syntax error at line 203 while parsing script:
  reserved word used



harness.py
FAIL:
Syntax error at line 203 while parsing script:
  reserved word used



harness.js~
PASS

regress/regress-192.js
PASS

regress/regress-86.js
PASS

regress/regress-1341167.js
FAIL:
Uncaught exception: ReferenceError: Undefined variable: execScript
At line 234, column 0 in program code:
    execScript("result = this");




regress/regress-1036894.js
FAIL:
Uncaught exception: SyntaxError: at index 54 in "$=function anonymous() { /*noex*/do {} while(({ get x(x) { break ; }, set x() { (undefined);} })); }": expected ')', got 'x'
At line 230, column 22 in <anonymous function>(s):
    eval(s);
called from line 231, column 0 in program code:
    xeval("$=function anonymous() { /*noex*/do {} while(({ get x(x) { break ; }, set x() { (undefined);} })); }");




regress/regress-87.js
FAIL:
Uncaught exception: SyntaxError: at index 3 in "/x/h": in regexp literal: invalid flag: 'h'
At line 232, column 2 in testFlags(flagstring, global, ignoreCase, multiline):
    var re = eval(text);
called from line 248, column 0 in program code:
    testFlags("\u0020", false, false, false);




regress/regress-114.js
FAIL:
Uncaught exception: Failure: expected <FRIEDRICHSTRASSE 14> found <FRIEDRICHSTRAßE 14>
At line 56, column 2 in fail(expected, found, name_opt):
    throw new MjsUnitAssertionError(start + " expected <" + expected + "> found <" + found + ">");
called from line 109, column 4 in assertEquals(expected, found, name_opt):
    fail(expected, found, name_opt);
called from line 232, column 0 in program code:
    assertEquals("XXSSSSSSXX", "xx\xDF\xDF\xDFxx".toUpperCase());




regress/regress-1081309.js
SKIP: V8 specific debug function

regress/regress-1066899.js
PASS

regress/regress-189.js
FAIL:
Uncaught exception: SyntaxError: at index 10 in "delete x; const x = 32": reserved word used
At line 235, column 2 in f():
    eval("delete x; const x = 32");
called from line 238, column 0 in program code:
    f();




regress/regress-124.js
FAIL:
Uncaught exception: TypeError: 'f' is not a function
At line 1, column 0 in evaluated code:
    f()
called from line 250, column 2 in F(f):
    assertEquals("[object global]", eval("f()"));
called from line 259, column 0 in program code:
    F(Object.prototype.toString);




regress/regress-312.js
PASS

regress/regress-662254.js
PASS

regress/regress-326.js
FAIL:
Uncaught exception: Failure (sort smallest first):  expected <37> found <0>
At line 56, column 2 in fail(expected, found, name_opt):
    throw new MjsUnitAssertionError(start + " expected <" + expected + "> found <" + found + ">");
called from line 109, column 4 in assertEquals(expected, found, name_opt):
    fail(expected, found, name_opt);
called from line 238, column 0 in program code:
    assertEquals(42, nonArray[1], "sort largest last");




regress/regress-990205.js
FAIL:
Uncaught exception: SyntaxError: at index 32 in "while(0) function x() { break; }; 42": expected ';', got ';'
At line 233, column 2 in f():
    return eval("while(0) function x() { break; }; 42");
called from line 236, column 0 in program code:
    assertEquals(42, f());




regress/regress-265.js
PASS

regress/regress-676025.js
PASS

regress/regress-1215653.js
FAIL:
Uncaught exception: Failure: expected <true> found <false>
At line 56, column 2 in fail(expected, found, name_opt):
    throw new MjsUnitAssertionError(start + " expected <" + expected + "> found <" + found + ">");
called from line 109, column 4 in assertEquals(expected, found, name_opt):
    fail(expected, found, name_opt);
called from line 129, column 2 in assertTrue(value, name_opt):
    assertEquals(true, value, name_opt);
called from line 237, column 2 in program code:
    assertTrue(e instanceof RangeError);




regress/regress-1112051.js
PASS

regress/regress-1199401.js
PASS

regress/regress-1200351.js
FAIL:
at index 18 in "SetValueOf(typeof(break.prototype.name), Math.max(typeof(break)))": syntax error
at index 0 in "export Join((void), false.className(), null instanceof continue, return 'a', 0.__defineGetter__(x,function(){native}))": reserved word used
at index 8 in "with ({ void&&null.push(goto NaN) : Math.max(undef).toText }) { {-1/null,1.isNull} }": expected '}', got 'void'
at index 0 in "new break>>>=native.charCodeAt(-1.valueOf())": syntax error
Undefined variable: native
at index 11 in "new {native,0.2}?continue+undef:IsSmi(0.2)": syntax error
at index 0 in "const x = break.toString()&&return continue": reserved word used
at index 9: syntax error
at index 30 in "for (parseFloat(NaN).splice() in null.add(1).className()) { true[0.2]<<x.splice() }": expected ';', got 'in'
at index 5 in "let (debugger.constructor.valueOf()) { this.sort().true.splice() }": expected ';', got <invalid token>
at index 9 in "unescape(break.toObject()).prototype.new RegExp.continue.__lookupGetter__(x.slice(1, NaN)) = typeof(null.push(0.2))": syntax error
at index 18 in "new Date(Iterator(continue.pop()))": syntax error
at index 50 in "function X(x) { return new RegExp.shift().concat({debugger,continue}) }; X(return goto 0)": reserved word used
at index 12 in "Instantiate(0.add(break)&&x > null)": expected ';', got <invalid token>
at index 12 in "with ({ eval(Array(x)) : 1.call('a').superConstructor }) { debugger.lastIndex.toLocaleString() }": syntax error
at index 4 in "x = return true.__defineGetter__(this,function(){0.2})": syntax error
at index 4 in "x = new typeof(0)&this.lastIndex": syntax error
Cannot convert null or undefined to object
at index 9 in "with ({ 1+debugger.valueOf() : continue.join().name() }) { parseInt(true)==undef.sort() }": syntax error
at index 52 in "new RegExp>>0.2.superConstructor.prototype.eval(void).className() = false.join().prototype.name": syntax error
at index 0 in "export (new Object()?undef:native)": reserved word used
Cannot convert 'null' to object
at index 0 in "export function () { 0.2 }.unshift()": reserved word used
at index 13 in "new Math.max(continue.valueOf())": syntax error
at index 4 in "x = return debugger.toObject()": syntax error
at index 9: syntax error
at index 35 in "new Date(0<<'a'>>>=new RegExp['a'])": syntax error
at index 7 in "native {unescape(true),new RegExp.isNull}": expected ';', got '{'
at index 0 in "const x = -1.lastIndexOf(false)?parseFloat(void):Join(null, continue, new Object(), x, break)": reserved word used
at index 6 in "label null/void-break.__lookupGetter__(native)": expected ';', got 'null'
'0.2.join' is not a function
at index 6 in "label function () { false }.__lookupGetter__(this==1)": expected ';', got 'function'
at index 13 in "Instantiate(-1.prototype.0.2.unshift())": syntax error
at index 0 in "const x = new return goto -1": reserved word used
at index 11 in "new {Number(debugger)}": syntax error
at index 13 in "if (parseInt(break) instanceof 0.length) { this.(!0.2) }": syntax error
at index 11 in "SetValueOf(break.superConstructor[throw new false(true)], this.~x)": syntax error
at index 63 in "SetValueOf(function () { IsSmi(-1) }, unescape(IsPrimitive(void)))": syntax error
at index 35 in "for (new RegExp.join().className() in new Object().length()>>true.toObject()) { parseFloat(escape(debugger)) }": expected ';', got 'in'
at index 0 in "const x = new String(debugger).toJSONProtocol": reserved word used
at index 11 in "SetValueOf(1.indexOf('a')<<break.__lookupGetter__('a'), new Object().null.prototype.new RegExp.charCodeAt(-1))": expected ';', got <invalid token>
at index 0 in "const x = new {parseInt(0)}": reserved word used
at index 13 in "new Date(void.join().add(escape(undef)))": syntax error
at index 7 in "native parseFloat(false.charAt(new RegExp))": expected ';', got 'parseFloat'
at index 23 in "new Date(~Iterator(void))": syntax error
'NaN.shift' is not a function
at index 16 in "new Date(native-debugger<<continue.slice(x, new RegExp))": syntax error
at index 28 in "for (null.size/true.add(void) in 0+continue&true.null) { continue.toObject()/throw new true(debugger) }": syntax error
at index 21 in "for (Iterator(native+break) in debugger.superConstructor.constructor) { Math.max(0.add(undef)) }": syntax error
at index 5 in "new {-1.add(native),true.sort()}": expected '}', got '-'
at index 10 in "new {IsSmi(break),throw new 'a'(null)}": syntax error
at index 121: syntax error
at index 8 in "x = new 0.lastIndexOf(NaN).shift()": unexpected character: U+0030
at index 9: syntax error
at index 8 in "with ({ throw new false(0.2).prototype.name : parseFloat(false)+(!debugger) }) { escape(undef.lastIndex) }": expected '}', got 'throw'
at index 39: syntax error
at index 7 in "native continue.className().constructor": expected ';', got 'continue'
at index 34 in "let (0.2.isNull&undef.toString()) { continue/void+parseInt(null) }": expected ';', got '{'
at index 0 in "const x = new Math.pow(break==this)": reserved word used
at index 11 in "SetValueOf(continue.__lookupGetter__(null).constructor, debugger.filter(0.2)>>>=this.'a')": syntax error
at index 11 in "with ({ 0.2.unshift() > true.size : return Math.max(new RegExp) }) { void.splice().toString() }": syntax error
Cannot convert null or undefined to object
at index 28 in "function X(x) { return this.true?'a'==this:0.2.__lookupGetter__(void) }; X(Iterator(false).length)": syntax error
at index 0 in "const x = function () { null }.__defineSetter__(0.charCodeAt(new Object()),function(){null>>>=new Object()})": reserved word used
at index 0 in "import goto 'a'.charAt(native.className())": reserved word used
at index 0 in "import 0.2.isNull.__lookupGetter__(debugger.size)": reserved word used
at index 37 in "for (~new Object().push(Array(null)) in new RegExp>>>=void.prototype.name) { goto break.lastIndex }": expected ';', got 'in'
at index 13 in "new parseInt(continue.__defineGetter__(0.2,function(){1}))": syntax error
at index 36 in "Instantiate(true.concat(undef)==0.2.new RegExp)": syntax error
at index 33 in "function X(x) { return NaN['a']?-1.exec(0):NaN.prototype.this }; X(native.prototype.name.toLocaleString())": syntax error
at index 5: reserved word used
at index 0 in "const x = new parseInt(break)==Array(x)": reserved word used
at index 42: syntax error
at index 0 in "export Join(debugger.splice(), parseInt(NaN), new RegExp.pop(), this.false, x.-1)": reserved word used
at index 32 in "x = Math.max(native).charCodeAt(continue==break)": syntax error
at index 9 in "for (void==NaN.sort(), new Object()==new RegExp.toObject(), -1/NaN.unshift()) { GetFunctionFor(true).name() }": syntax error
at index 112: expected ';', got ')'
at index 25 in "for (NaN.shift()&&undef&&continue in throw new x(NaN).prototype.-1&x) { return native.toJSONProtocol }": syntax error
'this.charCodeAt' is not a function
'0.2.unshift' is not a function
at index 36 in "if (eval(new Object().valueOf())) { break.prototype.name.__defineGetter__(eval(NaN),function(){Math.max(native)}) }": expected ';', got '.'
at index 36 in "for (Math.pow(1).isNull in Iterator(continue.length())) { Join(true, 0.2, null, x, new Object()).length }": syntax error
at index 20 in "SetValueOf(0>>>=void.unshift(), void.exec('a').undef.length())": syntax error
at index 0 in "delete throw new this(0.2).pop()": syntax error
at index 22 in "new Iterator(unescape(continue))": syntax error
at index 37 in "function X(x) { return unescape(goto debugger) }; X(new RegExp.push(break).name())": reserved word used
at index 23 in "x = undef/'a'.indexOf(-1.exec(false))": syntax error
at index 5: expected ';', got 'continue'
at index 0 in "const x = new this.slice(new Object(), 1).isNull": reserved word used
at index 28: syntax error
at index 7 in "native false.length?new RegExp instanceof this:Array(undef)": expected ';', got 'false'
at index 0 in "new ~0.2.call(typeof(false))": syntax error
'0.2.sort' is not a function
Cannot convert null or undefined to object
at index 76 in "switch (~new Object().toText) { case (new RegExp.unshift().exec(new RegExp<<debugger)): -1.length.exec(this.isNull); break; }": syntax error
Cannot convert null or undefined to object
at index 13 in "new unescape(debugger.call(null))": reserved word used
at index 0 in "const x = new GetFunctionFor(0.2).toObject()": reserved word used
Undefined variable: IsPrimitive
at index 26 in "for (eval(0.2) instanceof debugger.splice() in null.superConstructor==new Object()&void) { Number(0+x) }": syntax error
at index 9 in "let ('a'-continue?null.length():escape(continue)) { return undef.push(false.shift()) }": syntax error
at index 21 in "for (Array(x.length) in 'a'.length().sort()) { goto (new Object()) }": expected ';', got 'in'
at index 23 in "let (NaN==true.length) { IsPrimitive(0.2).prototype.value }": expected ';', got '{'
at index 11 in "SetValueOf(return true&&void, new RegExp.toObject().length())": syntax error
at index 17 in "new Math.pow(void).length": syntax error
at index 17 in "new Function(void.add(continue).charCodeAt(this.toObject()))": syntax error
at index 0 in "export Join(break.toObject(), 0.2.isNull, false.call(0), break.filter(break), 1.length())": reserved word used
Undefined variable: undef
at index 59: reserved word used
at index 0 in "const x = new Math.pow(native).indexOf(1>>>=-1)": reserved word used
at index 18 in "new RegExp?native:continue.join().prototype.Math.max(x.__defineSetter__(1,function(){continue})) = parseFloat(parseInt(null))": syntax error
at index 7 in "native function () { new RegExp }.new RegExp.pop()": expected ';', got 'function'
at index 0 in "import typeof(new RegExp.valueOf())": reserved word used
at index 22 in "switch (0.2.size>>NaN-continue) { case ('a'.push(true).indexOf(NaN.lastIndexOf(-1))): {0.2,x}.toObject(); break; }": syntax error
at index 45 in "if (IsSmi(new Object())/false.filter('a')) { function () { Iterator(debugger) } }": expected identifier, got '('
at index 4 in "x = break.lastIndex.size": syntax error
at index 28 in "new Function(new Object() > 0.length())": syntax error
at index 7 in "native IsPrimitive(continue)==break.charCodeAt(new Object())": expected ';', got 'IsPrimitive'
at index 0 in "new break.true<<'a'-NaN": syntax error
at index 25 in "for (parseFloat('a'.exec(continue)) in (!new RegExp)&&0.2.toObject()) { {true,x}.add(void.prototype.NaN) }": syntax error
at index 6 in "let (-1.prototype.value.join()) { (!1.prototype.name) }": syntax error
at index 19 in "new GetFunctionFor(continue).toJSONProtocol": syntax error
at index 14 in "for (Math.pow(continue.slice(null, native)), goto (!0), native?1:this.charAt(String(debugger))) { parseFloat(~this) }": syntax error
at index 11 in "SetValueOf(debugger.pop().length, new RegExp.isNull.toText)": expected ';', got <invalid token>
at index 45: expected ';', got 'in'
at index 7 in "native x.join().className()": expected ';', got 'x'
Cannot convert null or undefined to object
Undefined variable: IsPrimitive
Cannot convert null or undefined to object
Cannot convert null or undefined to object
at index 6 in "label 'a'+void.concat('a'>>>=-1)": expected ';', got <string>
at index 20 in "new Function(escape(0.length))": unexpected character: U+0030
at index 0 in "const x = parseInt(0.lastIndexOf(NaN))": reserved word used
at index 16 in "SetValueOf(null&debugger.valueOf(), 0[false].push(false.add(debugger)))": reserved word used
at index 41 in "x = parseInt(new RegExp.__lookupGetter__(break))": syntax error
at index 19 in "SetValueOf(~false&&break>>0, new RegExp.lastIndex.add({this}))": syntax error
at index 9 in "x = Join(break, continue, 0, debugger, NaN).toLocaleString()": syntax error
at index 0 in "import new Object().sort().superConstructor": reserved word used
at index 0 in "const x = new IsSmi(goto -1)": reserved word used
at index 72 in "function X(x) { return Iterator(null).toObject() }; X(-1==new Object()==0.__lookupGetter__(native))": syntax error
at index 7 in "native void.join().add(parseFloat(continue))": expected ';', got 'void'
at index 33 in "let (function () { -1 }.shift()) { escape(1.unshift()) }": expected ';', got '{'
at index 42 in "new Function(new RegExp.indexOf(1).filter(continue instanceof break))": syntax error
at index 8 in "if (NaN?continue:NaN.shift()) { native.push(null).add(new Object().superConstructor) }": syntax error
at index 57 in "function X(x) { return new Object().length().toText }; X(debugger.indexOf(this).toText)": expected ';', got <invalid token>
at index 0 in "const x = new Object().call('a').charCodeAt(native.size)": reserved word used
at index 28 in "new function () { continue }.add(true.slice(continue, new RegExp))": expected ';', got '.'
at index 22 in "x[native] instanceof -1.join().prototype.this.null.size = 0.2.prototype.x+0.2.indexOf(false)": syntax error
at index 41 in "for (this instanceof new RegExp.splice() in null>>>=new RegExp.valueOf()) { function () { unescape(1) } }": expected ';', got 'in'
at index 25 in "for (true.shift()/native.null in undef.call(NaN).isNull) { native+this-x.size }": syntax error
at index 41 in "function X(x) { return false.pop()<<Join(continue, false, break, NaN, -1) }; X(IsSmi(debugger>>x))": syntax error
at index 15 in "if ({parseFloat(null),Math.max(native)}) { 0.2-new Object().__lookupGetter__(eval(new Object())) }": syntax error
Undefined variable: SetValueOf
'true.filter' is not a function
at index 5 in "let (break.lastIndex.superConstructor) { new Object().toString().length() }": syntax error
at index 12 in "label (!0.2/debugger)": syntax error
at index 11: syntax error
at index 0 in "export break.name()/IsPrimitive(this)": reserved word used
at index 9 in "new {null}.prototype.value": syntax error
at index 37 in "new true+false.__lookupGetter__(null&continue)": syntax error
at index 5 in "if (-1.push(new RegExp)[void.valueOf()]) { new RegExp.className().__lookupGetter__(Array(0)) }": syntax error
at index 0 in "export NaN.__lookupGetter__(undef).__lookupGetter__(void.isNull)": reserved word used
at index 8 in "with ({ ~new RegExp.filter(undef&&this) : String(continue)<<NaN.toText }) { this.exec(this).length }": expected '}', got '~'
at index 14: syntax error
at index 0 in "import void.push(true).join()": reserved word used
at index 12 in "SetValueOf({break}&x.name(), 1.charAt(false).slice(continue.superConstructor, this&&break))": expected '}', got 'break'
at index 32 in "let (this.call(this) > Iterator(continue)) { new Object().prototype.value.slice(1.slice(native, -1), (!false)) }": syntax error
at index 0 in "export parseInt(new RegExp>>>=x)": reserved word used
at index 15 in "for (escape(x==debugger), NaN.shift()&debugger?false:0.2, (!new RegExp)&goto break) { unescape(x.toText) }": syntax error
at index 9 in "new Date(throw new NaN.toObject()(this?break:true))": syntax error
Cannot convert null or undefined to object
at index 21 in "for (unescape('a'/0) in ~new Object().lastIndex) { IsSmi(0).push(0.concat(0.2)) }": expected ';', got 'in'
at index 51 in "(!new RegExp)[0.2 > new Object()].prototype.Number(debugger.join()) = native&-1.size": expected ';', got <invalid token>
Cannot convert null or undefined to object
at index 18 in "for (~0?0.2:undef in new RegExp.charCodeAt(0).prototype.name) { NaN.toLocaleString().splice() }": expected ';', got 'in'
at index 90: expected ';', got ')'
at index 49 in "new parseInt(new Object()).lastIndexOf(NaN > void)": syntax error
at index 0 in "export break.splice()&&-1.prototype.new Object()": reserved word used
at index 10 in "{{true,0}}.prototype.break.length.splice() = 'a'.toText.superConstructor": syntax error
at index 5 in "let (debugger>>>=continue > break.exec(1)) { Math.pow(new RegExp)==NaN>>>=0.2 }": expected ';', got <invalid token>
at index 11 in "with ({ 0.2==0.2/goto true : IsSmi(native).isNull }) { throw new {x,null}(false.className()) }": syntax error
at index 10 in "x = {false.concat(null),Math.pow(NaN)}": syntax error
at index 0 in "export Array(null).add(NaN.valueOf())": reserved word used
at index 36 in "for (parseFloat(new Object()==true) in GetFunctionFor('a'&false)) { native&undef.toJSONProtocol }": expected ';', got 'in'
at index 13 in "x = new {eval(null),(debugger)}": syntax error
at index 0 in "import {this.0,debugger.filter(NaN)}": reserved word used
at index 0 in "import break.charAt(-1)<<false.__defineSetter__(0,function(){x})": reserved word used
at index 9 in "x = goto false > new Object()": expected ';', got 'false'
at index 22 in "null.superConstructor[debugger.isNull].prototype.Math.max('a').shift() = parseInt(0).size": expected ';', got <invalid token>
at index 7 in "native eval(void.add(break))": expected ';', got 'eval'
at index 17 in "new Date(x > void.join())": syntax error
at index 8 in "with ({ {this.toObject()} : Number(NaN).toJSONProtocol }) { 0.2.className().prototype.name }": expected '}', got '{'
at index 90 in "if (false.__defineGetter__(undef,function(){undef}).exec(NaN.splice())) { typeof(Join(void, new RegExp, break, -1, -1)) }": syntax error
at index 32: syntax error
at index 5 in "let (this.0.indexOf(break)) { break.charAt(this).unshift() }": syntax error
at index 0 in "import Join(new Object().splice(), this instanceof 1, parseFloat(NaN), undef.concat(x), void.className())": reserved word used
at index 18 in "new Function(goto NaN.toString())": syntax error
at index 6 in "label 'a'<<break.shift()": expected ';', got <string>
at index 0 in "const x = Iterator(continue)[new Object()>>NaN]": reserved word used
at index 36 in "x = Join(new RegExp, 'a', this, void, true)>>>=continue>>native": syntax error
at index 0 in "import new Object().toJSONProtocol.splice()": reserved word used
at index 68: syntax error
at index 12 in "Instantiate(throw new 0.2.__defineGetter__(NaN,function(){-1})(void&&new RegExp))": syntax error
at index 0 in "const x = 0.unshift() > IsSmi(NaN)": reserved word used
at index 6 in "label x.call(null).lastIndex": expected ';', got 'x'
at index 36 in "SetValueOf(IsSmi(0.2.add(0)), x.add(break).this.__defineGetter__(undef,function(){new RegExp}))": syntax error
at index 7 in "native Number(this).toObject()": expected ';', got 'Number'
Cannot convert null or undefined to object
Cannot convert 'null' to object
at index 0 in "const x = 1.undef.push(new Object().call(null))": reserved word used
at index 0 in "const x = this.x.sort()": reserved word used
at index 12 in "Instantiate(continue.valueOf().prototype.new RegExp.splice())": syntax error
at index 24 in "Instantiate(this.charAt(continue)?undef+'a':unescape(1))": syntax error
at index 12 in "SetValueOf({throw new 'a'(0.2),void.lastIndexOf(NaN)}, Math.pow(new Object().className()))": expected '}', got 'throw'
at index 4 in "if (1.slice(new Object(), this).valueOf()) { parseInt(true).pop() }": unexpected character: U+0031
at index 11: syntax error
at index 1 in "-1.exec(debugger).length.prototype.debugger > null.slice(Iterator(void), continue.concat(0)) = parseInt(throw new 1(1))": syntax error
at index 0 in "const x = new null.unshift().call(escape(x))": reserved word used
Undefined variable: native
at index 6 in "label function () { new Object() }.prototype.true.size": expected ';', got 'function'
at index 0 in "const x = Join('a', 0.2, false, new Object(), void).continue.className()": reserved word used
at index 0 in "const x = IsPrimitive(break.__lookupGetter__(-1))": reserved word used
Cannot convert '0.2.prototype' to object
at index 0 in "const x = new IsPrimitive(new Object()).shift()": reserved word used
at index 19 in "if (Array(parseInt(break))) { 'a'.toString().unshift() }": syntax error
at index 0 in "const x = return 0.2>>>=-1?undef:undef": reserved word used
at index 42 in "new Object().splice().unshift().prototype.null&&native.__lookupGetter__(undef>>>=NaN) = (1<<break)": syntax error
at index 31 in "delete NaN.charAt(1).concat(NaN.0.2)": syntax error
Undefined variable: Instantiate
at index 57 in "function X(x) { return GetFunctionFor(false).lastIndexOf(1.shift()) }; X(this.0.2.charCodeAt(0.2))": expected ';', got <invalid token>
at index 10 in "for (goto NaN.toObject(), ~true.'a', parseInt(debugger)+eval(false)) { eval(0.2.constructor) }": expected ';', got 'NaN'
at index 17: reserved word used
at index 8 in "x = new debugger.sort() instanceof this>>1": reserved word used
at index 18 in "with ({ parseFloat(false).prototype.(!new Object()) : {unescape(-1)} }) { Math.max(new RegExp.superConstructor) }": syntax error
at index 17 in "Instantiate({Math.pow(break)})": syntax error
at index 0 in "import typeof(break.valueOf())": reserved word used
Undefined variable: Instantiate
at index 7 in "native IsPrimitive(1).concat({x,null})": expected ';', got 'IsPrimitive'
at index 37 in "NaN.length.prototype.value.prototype.function () { null==new Object() } = break.name()&IsPrimitive(0)": syntax error
at index 21 in "delete NaN.prototype.-1.toString()": syntax error
at index 0 in "new continue.unshift()+parseFloat(undef)": syntax error
at index 0 in "const x = new NaN-break.call(false.pop())": reserved word used
at index 7 in "native new RegExp.exec(break).pop()": expected ';', got 'new'
at index 15 in "SetValueOf({'a',null}.prototype.value, 1.shift() instanceof {'a',0})": syntax error
at index 5: reserved word used
at index 0 in "export 'a'.pop().charCodeAt(x.className())": reserved word used
at index 0 in "export String(IsSmi(debugger))": reserved word used
at index 7 in "typeof(debugger).valueOf().prototype.(1).lastIndexOf(this.break) = x.prototype.name.toLocaleString()": reserved word used
at index 7 in "native Array(typeof(false))": expected ';', got 'Array'
at index 13 in "new Function(1.__defineGetter__(1,function(){1}).null.constructor)": unexpected character: U+0031
at index 4 in "x = 1.charAt(0).toObject()": unexpected character: U+0031
''a'.filter' is not a function
at index 13 in "new Date(void.prototype.name.unshift())": syntax error
at index 6 in "for (-1.toJSONProtocol.call(-1.size) in ~x.sort()) { eval(0&debugger) }": syntax error
at index 23 in "for ('a'==undef.join() in Math.pow(IsSmi(false))) { undef > this>>goto x }": expected ';', got 'in'
Undefined variable: Instantiate
at index 59: syntax error
at index 8: expected '}', got '{'
at index 12 in "let (typeof(break.length())) { native&&false.sort() }": syntax error
at index 33 in "x = new parseFloat(-1 instanceof break)": syntax error
at index 6 in "label throw new continue.unshift()(null.shift())": expected ';', got 'throw'
at index 0 in "import Math.max(0.2.toLocaleString())": reserved word used
'false.unshift' is not a function
at index 34 in "new Date(Join(native.toText, goto x, 0.2.splice(), Join('a', 0, void, NaN, 1), eval(native)))": syntax error
Undefined variable: GetFunctionFor
at index 36 in "new escape(native).__defineSetter__(return native,function(){undef > native})": syntax error
at index 0 in "const x = new typeof(true > 'a')": reserved word used
at index 8: reserved word used
at index 6 in "label true-NaN.prototype.native.shift()": expected ';', got 'true'
at index 0 in "new typeof(new RegExp.splice())": syntax error
at index 47 in "switch (function () { this.NaN }) { case (this.continue.prototype.parseFloat(false)): IsPrimitive(new Object()-'a'); break; }": syntax error
at index 0 in "export break.__lookupGetter__(debugger).indexOf(native.pop())": reserved word used
Undefined variable: GetFunctionFor
at index 7 in "native {void.charAt(true)}": expected ';', got '{'
Cannot convert null or undefined to object
at index 6 in "label throw new (false)(eval(x))": expected ';', got 'throw'
Cannot convert 'RegExp.size' to object
at index 4 in "x = debugger.toObject().charAt(this<<undef)": reserved word used
at index 11 in "with ({ 'a'.valueOf()+parseInt(undef) : IsPrimitive(null).lastIndex }) { NaN.toObject().isNull }": syntax error
at index 26 in "x = new new Object()&&void.lastIndexOf(0.2.splice())": syntax error
at index 9 in "with ({ 1+1.name() : Join(Math.pow(debugger), new RegExp-1, x > 1, x<<-1, new RegExp.size) }) { undef[undef].size }": syntax error
Undefined variable: native
at index 20 in "if (new Object()>>>=break==Math.pow(debugger)) { IsPrimitive(this).lastIndex }": syntax error
at index 22 in "for ((!x&&new RegExp) in undef.toLocaleString().slice(new RegExp.indexOf(NaN), IsPrimitive(-1))) { false.size+debugger[x] }": expected ';', got 'in'
at index 0 in "import 0.length.__defineGetter__(0.2.shift(),function(){'a'.className()})": reserved word used
at index 17 in "Instantiate(goto new Object().push(void))": syntax error
at index 13 in "with ({ Array(this.0) : parseFloat(void).pop() }) { escape(true).slice(continue.lastIndex, false.toObject()) }": syntax error
at index 28 in "new native==true.filter({NaN,-1})": syntax error
at index 26: syntax error
at index 24 in "this.x<<false.prototype.true.toLocaleString()==NaN.pop() = this.superConstructor>>Math.max(true)": syntax error
at index 93 in "function X(x) { return this.prototype.name.splice() }; X(unescape(x).__lookupGetter__(Number(debugger)))": reserved word used
Cannot convert null or undefined to object
Undefined variable: Iterator
at index 0 in "export this.void.splice()": reserved word used
at index 20 in "for (this.prototype.null.sort() in -1.className()&void.filter(new Object())) { GetFunctionFor(new Object()).pop() }": syntax error
at index 6 in "label 0[break].sort()": expected ';', got '0'
at index 54 in "for (null.length().toString(), eval(-1).toObject(), (!continue.concat(continue))) { true.name()/native<<new RegExp }": syntax error
at index 94: expected ';', got ')'
at index 13 in "new Date({NaN,native}&&1+undef)": syntax error
Undefined variable: Instantiate
at index 41: syntax error
at index 16 in "function X(x) { return break.isNull > parseInt(continue) }; X((new RegExp instanceof 1))": expected ';', got 'break'
at index 14: syntax error
at index 19 in "GetFunctionFor(void&new Object()).prototype.debugger.add(null)[void.unshift()] = new RegExp.isNull.Iterator(this)": syntax error
at index 13 in "delete false?break:undef.constructor": syntax error
at index 8 in "with ({ (native.filter(1)) : eval(this&&0.2) }) { undef.length instanceof new Object().toText }": expected '}', got '('
at index 0 in "export String(break.lastIndexOf(null))": reserved word used
Undefined variable: label
at index 31 in "SetValueOf(String(null==-1), {1&0})": syntax error
at index 11: expected ';', got <invalid token>
at index 36: expected ';', got 'false'
'(new RegExp).sort' is not a function
Cannot convert null or undefined to object
at index 10: expected ';', got 'void'
at index 0 in "return new RegExp.pop().prototype.String(x.toObject()) = 1.superConstructor.charCodeAt(new RegExp.charCodeAt(null))": return outside function definition
Cannot convert null or undefined to object
at index 0 in "const x = -1>>>=NaN.indexOf((debugger))": reserved word used
at index 0 in "const x = new parseFloat(null).splice()": reserved word used
at index 0 in "import -1.lastIndexOf(new RegExp) instanceof throw new void(0.2)": reserved word used
at index 5: unexpected character: U+0030
at index 19 in "x = new escape(1 > continue)": syntax error
at index 38: syntax error
at index 5 in "{void}.shift().prototype.this.Array(new Object()) = {0.2,new RegExp}.lastIndexOf(break.splice())": syntax error
at index 0 in "new continue&&new Object().lastIndexOf(new Object() instanceof 1)": syntax error
at index 5: expected ';', got 'throw'
at index 5: expected ';', got 'break'
at index 0 in "const x = new 'a'>>0 instanceof new Object().push(new RegExp)": reserved word used
at index 4 in "if (return ~break) { break.__defineGetter__(break,function(){-1}).shift() }": syntax error
Undefined variable: Instantiate
at index 6 in "let ({new RegExp,void}.slice(break.isNull, false.shift())) { eval(debugger.slice(this, 1)) }": expected '}', got 'new'
at index 38 in "function X(x) { return {GetFunctionFor(0)} }; X('a'.prototype.debugger.concat(void.constructor))": syntax error
at index 22 in "let (~true instanceof continue) { escape(new RegExp.toObject()) }": syntax error
at index 28 in "escape(0[native]).prototype.debugger.add(1).unshift() = (true.join())": expected ';', got <invalid token>
at index 18: syntax error
Undefined variable: Instantiate
at index 6 in "label Array(continue[false])": expected ';', got 'Array'
Cannot convert 'NaN.toJSONProtocol' to object
at index 80 in "null.toString().shift().prototype.Array(x).__lookupGetter__('a'.prototype.x) = {1.length,break.join()}": unexpected character: U+0031
at index 8 in "x = new 1.charCodeAt(break)+IsSmi(false)": unexpected character: U+0031
Undefined variable: SetValueOf
at index 105: expected ';', got <invalid token>
at index 19 in "new Date(Number(x)[debugger.prototype.break])": reserved word used
at index 50 in "function X(x) { return new RegExp>>>=x.unshift() }; X(Math.max(continue.name()))": syntax error
Undefined variable: Instantiate
at index 36 in "x = native?0.2:1+GetFunctionFor(void)": syntax error
at index 24 in "for (IsPrimitive(-1)>>>=break.valueOf() in String(0 > 0.2)) { Math.max(true.length()) }": syntax error
Undefined variable: undef
Undefined variable: Join
at index 6 in "label return x.filter(x.join())": expected ';', got 'return'
Cannot convert null or undefined to object
at index 10 in "x = new (!debugger.size)": syntax error
at index 6 in "label Math.max(debugger.__lookupGetter__(NaN))": expected ';', got 'Math'
at index 17 in "Instantiate(eval(debugger[debugger]))": reserved word used
at index 21 in "new 0.2.filter(true)&throw new true(debugger)": syntax error
at index 9 in "new Date(continue.exec(debugger) > Math.pow(0.2))": syntax error
at index 4 in "void.prototype.value.name().prototype.Number(undef&NaN) = false.__lookupGetter__(-1).name()": syntax error
at index 61 in "Instantiate(null.__defineGetter__(native,function(){continue}).valueOf())": expected ';', got ')'
at index 8: expected '}', got '{'
at index 84 in "switch (Iterator(native.call(new RegExp))) { case (String(new RegExp).isNull): goto new RegExp.pop(); break; }": expected ';', got 'new'
at index 0 in "const x = new x.constructor instanceof undef.indexOf(-1)": reserved word used
at index 16 in "SetValueOf(this.~null, continue.pop()&0&'a')": syntax error
at index 40 in "switch (GetFunctionFor(~0)) { case ('a'.'a'<<undef.__defineGetter__(false,function(){true})): (!1).lastIndex; break; }": syntax error
at index 23 in "function X(x) { return debugger.unshift().0.toString() }; X(Number(break).0.2>>>=false)": reserved word used
Undefined variable: Iterator
Undefined variable: SetValueOf
at index 29 in "IsSmi(x).toString().prototype.0>>continue.indexOf(NaN.__lookupGetter__(new Object())) = ~-1&typeof(0)": expected ';', got '.0'
at index 5: expected ';', got 'continue'
at index 52: expected ')', got 'eval'
at index 4 in "x = debugger-false.toText": reserved word used
at index 0 in "const x = Number(null>>new RegExp)": reserved word used
Undefined variable: native
at index 21 in "SetValueOf(~Math.max(break), 0.2.valueOf().length)": syntax error
Undefined variable: Instantiate
at index 0 in "const x = new goto continue.add(0)": reserved word used
at index 14 in "delete typeof(debugger).name()": reserved word used
at index 28 in "'a'<<false.toText.prototype.throw new true(1).lastIndex = 'a'.name().length": syntax error
at index 7 in "native 'a'.indexOf(debugger).charAt(NaN.add(new Object()))": expected ';', got <string>
at index 11 in "SetValueOf(break>>false.toString(), (false.indexOf(this)))": syntax error
at index 12 in "delete goto NaN==(!debugger)": expected ';', got 'NaN'
'0.2.join' is not a function
at index 0 in "const x = new this.void.toLocaleString()": reserved word used
at index 18 in "SetValueOf(x.exec(debugger)[GetFunctionFor(0)], native.toObject().exec(new RegExp.sort()))": reserved word used
Undefined variable: Instantiate
at index 14 in "new Function(-1.toJSONProtocol.prototype.name)": syntax error
at index 16 in "new Date(Array(-1.shift()))": syntax error
at index 0 in "export break.concat(undef).unshift()": reserved word used
at index 7 in "native parseFloat(-1)?NaN.toText:debugger.toString()": expected ';', got 'parseFloat'
at index 10 in "for (void-continue/continue.prototype.undef in String(break.toText)) { parseInt(false).isNull }": syntax error
Undefined variable: Instantiate
at index 8: expected '}', got 'typeof'
at index 0 in "export unescape(continue)<<native[0]": reserved word used
at index 23 in "if (String(0).unescape(debugger)) { {break.pop(),0.2.constructor} }": reserved word used
at index 12 in "String({true}).prototype.break.length.call(false > 0.2) = GetFunctionFor(0.prototype.new RegExp)": syntax error
at index 13 in "with ({ false.push(0.2).indexOf(Math.max(debugger)) : x&x.prototype.name }) { goto 1.lastIndex }": syntax error
at index 31 in "new Function(0.2.lastIndex&0.2?break:NaN)": syntax error
at index 0 in "const x = -1.prototype.value.toText": reserved word used
at index 0 in "import native.toLocaleString()-1.prototype.0": reserved word used
at index 0 in "export debugger[-1].indexOf(Join(new Object(), 0, x, new Object(), 0.2))": reserved word used
Cannot convert 'NaN.toString().prototype' to object
at index 16 in "function X(x) { return continue.slice(-1, 1).prototype.true.name() }; X('a'.push(void).prototype.value)": expected ';', got 'continue'
at index 10 in "for (goto new RegExp.length(), x.sort().className(), Math.max(new RegExp.toJSONProtocol)) { (IsSmi(-1)) }": expected ';', got 'new'
at index 0 in "const x = 0.splice()&&-1.sort()": reserved word used
at index 22 in "let (Math.max(-1>>1)) { break.toLocaleString().toJSONProtocol }": expected ';', got '{'
at index 5 in "new {void.prototype.break,new RegExp.toString()}": expected '}', got 'void'
at index 10 in "new IsSmi(debugger).name()": reserved word used
Undefined variable: undef
at index 9 in "x = new {debugger.toObject(),'a' > false}": reserved word used
at index 9 in "if (goto 1.concat(Join(x, undef, native, x, new Object()))) { new RegExp.prototype.name==new RegExp.superConstructor }": unexpected character: U+0031
at index 92 in "function X(x) { return new Object().__defineGetter__(0.2,function(){0.2}).length() }; X(void.isNull<<parseFloat(NaN))": syntax error
at index 0 in "delete continue.toJSONProtocol.toLocaleString()": syntax error
at index 5 in "for (continue.constructor.toObject() in true&&undef.toJSONProtocol) { String(0+break) }": expected ';', got 'continue'
at index 0 in "import true.call(continue)>>break.toString()": reserved word used
at index 6 in "label escape(this) > Math.pow(new RegExp)": expected ';', got 'escape'
at index 5 in "new {void}/IsSmi(new Object())": expected '}', got 'void'
at index 21: reserved word used
'x.push' is not a function
Array constructor: length must be a 32-bit unsigned integer
at index 6 in "label IsSmi(new RegExp).toLocaleString()": expected ';', got 'IsSmi'
at index 6 in "label NaN.push(1).shift()": expected ';', got 'NaN'
at index 15 in "{escape(undef),debugger.filter(0.2)}.prototype.-1 > new RegExp[0.2.valueOf()] = new RegExp.prototype.value.splice()": expected ';', got <invalid token>
at index 21 in "x = new Join(0.2, x, continue, debugger, new Object()).size": syntax error
at index 14 in "with ({ Number(null).name() : Math.pow(true).__defineGetter__(debugger.toString(),function(){false+0.2}) }) { this.{x,break} }": syntax error
at index 18 in "new Math.pow(goto debugger)": reserved word used
at index 20 in "x = IsPrimitive(void.pop())": syntax error
Undefined variable: Instantiate
at index 6 in "let ({-1.call(new RegExp)}) { break.length().splice() }": expected '}', got '-'
at index 0 in "import null.size.__defineGetter__(void.filter(x),function(){null.pop()})": reserved word used
at index 0 in "const x = new IsPrimitive(null.superConstructor)": reserved word used
at index 10 in "new eval(-1.prototype.continue)": syntax error
at index 39: unexpected character: U+0030
at index 53: expected ';', got 'in'
Undefined variable: undef
at index 4 in "x = new throw new 0(NaN).className()": syntax error
Undefined variable: GetFunctionFor
Undefined variable: Iterator
at index 64: expected ';', got <invalid token>
at index 9 in "x = {Math.max(1),IsSmi(new Object())}": syntax error
'new Object().exec' is not a function
at index 25 in "new 'a'.__defineSetter__(debugger,function(){false}).name()": reserved word used
at index 4 in "x = debugger?-1:0+true.prototype.1": reserved word used
at index 11 in "new {false instanceof continue,native.size}": syntax error
at index 15: syntax error
at index 10 in "null.size-1.toLocaleString().prototype.(this).shift() = GetFunctionFor(native.charAt(break))": syntax error
Undefined variable: Instantiate
at index 5 in "x = {break.sort()}": expected '}', got 'break'
at index 0 in "new throw new debugger.splice()(this.__lookupGetter__(undef))": syntax error
at index 29 in "unescape(x[native]).prototype.0.splice().-1.prototype.true = x.prototype.value.className()": expected ';', got '.0'
at index 0 in "export x+true.length": reserved word used
at index 0 in "export debugger.indexOf(-1).indexOf(true.constructor)": reserved word used
at index 6 in "for ({break}.exec(new Object().continue) in eval(0.2.charAt(new Object()))) { throw new null.length(null?break:-1) }": expected '}', got 'break'
at index 0 in "const x = NaN.toLocaleString().toObject()": reserved word used
at index 32: syntax error
at index 9: syntax error
at index 0 in "import return 0.2.length": reserved word used
at index 0 in "continue.join().toText.prototype.Number(debugger).slice(new RegExp.-1, (NaN)) = function () { (!null) }": expected ';', got '.'
at index 0 in "export Number(break.__lookupGetter__(false))": reserved word used
at index 9 in "new Date(return null/x)": syntax error
at index 0 in "export Number(undef).shift()": reserved word used
at index 0 in "const x = 1[native]/this&true": reserved word used
at index 14 in "delete typeof(debugger.unshift())": reserved word used
at index 0 in "import x.charAt(false)&-1>>x": reserved word used
Cannot convert 'null' to object
at index 16 in "let (parseFloat(continue.superConstructor)) { 0.2.toText.prototype.value }": syntax error
at index 6 in "label parseInt(IsSmi(null))": expected ';', got 'parseInt'
'new Object().valueOf().indexOf' is not a function
at index 17 in "x = new unescape(1.__defineGetter__(new Object(),function(){x}))": unexpected character: U+0031
at index 26 in "let (undef.size.splice()) { 1.constructor.charCodeAt(0+'a') }": expected ';', got '{'
at index 5 in "this.new RegExp.pop().prototype.eval(debugger).toJSONProtocol = unescape(continue).valueOf()": syntax error
at index 0 in "const x = new this.new RegExp.indexOf(unescape(new Object()))": reserved word used
at index 4 in "x = new break instanceof false instanceof native.length()": syntax error
Undefined variable: Instantiate
at index 6 in "label {escape(true),Math.max(null)}": expected ';', got '{'
at index 11 in "'a'>>>=void.prototype.value.prototype.break.prototype.break.indexOf(0.className()) = (!this&native)": syntax error
at index 0 in "import Number(NaN).push(IsSmi(break))": reserved word used
at index 0 in "export true.exec(void).toObject()": reserved word used
at index 17 in "new Function({'a',true}/eval(new Object()))": syntax error
at index 6 in "label null.concat(null).toObject()": expected ';', got 'null'
at index 7 in "native {0.2.length,new RegExp.lastIndexOf(-1)}": expected ';', got '{'
at index 36 in "function X(x) { return Math.max({0.2}) }; X(true.charCodeAt(null).add(new RegExp.name()))": syntax error
at index 8 in "delete -1.lastIndex.length": syntax error
at index 32 in "new Function(0.2[1].call(true > break))": syntax error
Undefined variable: Instantiate
at index 15 in "x = typeof(void&&void)": syntax error



regress/regress-259.js
PASS

regress/regress-666721.js
PASS

regress/regress-269.js
FAIL:
Syntax error at line 247 while parsing script:
  reserved word used



regress/regress-892742.js
FAIL:
Uncaught exception: Failure: expected <2> found <undefined>
At line 56, column 2 in fail(expected, found, name_opt):
    throw new MjsUnitAssertionError(start + " expected <" + expected + "> found <" + found + ">");
called from line 109, column 4 in assertEquals(expected, found, name_opt):
    fail(expected, found, name_opt);
called from line 251, column 0 in program code:
    assertTrue(typeof h() == 'undefined', 'h');




regress/regress-279.js
PASS

regress/regress-877615.js
FAIL:
Uncaught exception: TypeError: Array.prototype.toLocaleString: failed to call toLocaleString on member
At line 234, column 0 in program code:
    assertEquals([1].toLocaleString(), '1');




regress/regress-1493017.js
PASS

regress/regress-737588.js
PASS

regress/regress-260.js
PASS

regress/regress-35.js
PASS

regress/regress-670147.js
PASS

regress/regress-1207276.js
FAIL:
Syntax error at line 231 while parsing script:
  reserved word used



regress/regress-171.js
FAIL:
Uncaught exception: Failure: expected <0> found <1>
At line 56, column 2 in fail(expected, found, name_opt):
    throw new MjsUnitAssertionError(start + " expected <" + expected + "> found <" + found + ">");
called from line 109, column 4 in assertEquals(expected, found, name_opt):
    fail(expected, found, name_opt);
called from line 243, column 0 in program code:
    assertEquals(g(new String("a"), "length"), 1);




regress/regress-1182832.js
FAIL:
Uncaught exception: Failure: expected <true> found <false>
At line 56, column 2 in fail(expected, found, name_opt):
    throw new MjsUnitAssertionError(start + " expected <" + expected + "> found <" + found + ">");
called from line 109, column 4 in assertEquals(expected, found, name_opt):
    fail(expected, found, name_opt);
called from line 129, column 2 in assertTrue(value, name_opt):
    assertEquals(true, value, name_opt);
called from line 240, column 0 in program code:
    assertTrue(caught);




regress/regress-667061.js
PASS

regress/regress-1175390.js
PASS

regress/regress-341.js
FAIL:
Uncaught exception: Failure (did not throw exception):  expected <true> found <false>
At line 56, column 2 in fail(expected, found, name_opt):
    throw new MjsUnitAssertionError(start + " expected <" + expected + "> found <" + found + ">");
called from line 109, column 4 in assertEquals(expected, found, name_opt):
    fail(expected, found, name_opt);
called from line 129, column 2 in assertTrue(value, name_opt):
    assertEquals(true, value, name_opt);
called from line 175, column 23 in assertThrows(code, type_opt, cause_opt):
    assertTrue(false, "did not throw exception");
called from line 238, column 0 in program code:
    assertThrows("o instanceof F");




regress/regress-91.js
PASS

regress/regress-244.js
FAIL:
Uncaught exception: Failure (Object <Failure: expected <%C0%AF> found <undefined>> is not an instance of <function URIError() { [native code] }>):  expected <true> found <false>
At line 56, column 2 in fail(expected, found, name_opt):
    throw new MjsUnitAssertionError(start + " expected <" + expected + "> found <" + found + ">");
called from line 109, column 4 in assertEquals(expected, found, name_opt):
    fail(expected, found, name_opt);
called from line 129, column 2 in assertTrue(value, name_opt):
    assertEquals(true, value, name_opt);
called from line 181, column 4 in assertInstanceof(obj, type):
    assertTrue(false, "Object <" + obj + "> is not an instance of <" + type + ">");
called from line 264, column 6 in run():
    assertInstanceof(e, URIError);




regress/regress-588599.js
PASS

regress/regress-191.js
PASS

regress/regress-1327557.js
PASS

regress/regress-254.js
FAIL:
Uncaught exception: Failure (Global, lastIndex after test 1):  expected <1> found <0>
At line 56, column 2 in fail(expected, found, name_opt):
    throw new MjsUnitAssertionError(start + " expected <" + expected + "> found <" + found + ">");
called from line 109, column 4 in assertEquals(expected, found, name_opt):
    fail(expected, found, name_opt);
called from line 239, column 0 in program code:
    assertFalse(re.test("x"), "Global, test 2");




regress/regress-69.js
PASS

regress/regress-734862.js
PASS

regress/regress-1177809.js
PASS

regress/regress-284.js
PASS

regress/regress-842017.js
PASS

regress/regress-900966.js
PASS

regress/regress-1178598.js
FAIL:
Uncaught exception: SyntaxError: at index 0 in "const e=1": reserved word used
At line 242, column 2 in <anonymous function>():
    eval("const e=1");
called from line 234, column 0 in program code:
    var value = (function(){




regress/regress-294.js
PASS

regress/regress-780423.js
PASS

regress/regress-149.js
PASS

regress/regress-1114040.js
PASS

regress/regress-253.js
PASS

regress/regress-137.js
PASS

regress/regress-334.js
FAIL:
Syntax error at line 242 while parsing script:
  syntax error



regress/regress-806473.js
PASS

regress/regress-263.js
PASS

regress/regress-674753.js
PASS

regress/regress-318.js
PASS

regress/regress-678525.js
PASS

regress/regress-992733.js
PASS

regress/regress-1102760.js
PASS

regress/regress-267.js
PASS

regress/regress-682649.js
PASS

regress/regress-1039610.js
PASS

regress/regress-1030466.js
PASS

regress/regress-799761.js
FAIL:
Syntax error at line 231 while parsing script:
  reserved word used



regress/regress-1346700.js
PASS

regress/regress-1203459.js
PASS

regress/regress-1170187.js
FAIL:
Syntax error at line 278 while parsing script:
  reserved word used



regress/regress-1213575.js
FAIL:
Uncaught exception: Failure: expected <true> found <false>
At line 56, column 2 in fail(expected, found, name_opt):
    throw new MjsUnitAssertionError(start + " expected <" + expected + "> found <" + found + ">");
called from line 109, column 4 in assertEquals(expected, found, name_opt):
    fail(expected, found, name_opt);
called from line 129, column 2 in assertTrue(value, name_opt):
    assertEquals(true, value, name_opt);
called from line 240, column 2 in program code:
    assertTrue(e instanceof TypeError);




regress/regress-1439135.js
PASS

regress/regress-317.js
PASS

regress/regress-937896.js
PASS

regress/regress-246.js
PASS

regress/regress-74.js
PASS

regress/regress-998565.js
SKIP: V8 specific debug function

regress/regress-1187524.js
PASS

regress/regress-201.js
PASS

regress/regress-1173979.js
PASS

regress/regress-286.js
FAIL:
Uncaught exception: Failure: expected <1> found <undefined>
At line 56, column 2 in fail(expected, found, name_opt):
    throw new MjsUnitAssertionError(start + " expected <" + expected + "> found <" + found + ">");
called from line 109, column 4 in assertEquals(expected, found, name_opt):
    fail(expected, found, name_opt);
called from line 238, column 0 in program code:
    assertEquals(1, test());




regress/regress-875031.js
PASS

regress/regress-116.js
PASS

regress/regress-221.js
FAIL:
Uncaught exception: Failure (did not throw exception):  expected <true> found <false>
At line 56, column 2 in fail(expected, found, name_opt):
    throw new MjsUnitAssertionError(start + " expected <" + expected + "> found <" + found + ">");
called from line 109, column 4 in assertEquals(expected, found, name_opt):
    fail(expected, found, name_opt);
called from line 129, column 2 in assertTrue(value, name_opt):
    assertEquals(true, value, name_opt);
called from line 175, column 23 in assertThrows(code, type_opt, cause_opt):
    assertTrue(false, "did not throw exception");
called from line 235, column 0 in program code:
    assertThrows('eval(delete eval)');




regress/regress-1050043.js
PASS

regress/regress-231.js
PASS

regress/regress-1110164.js
PASS

regress/regress-176.js
FAIL:
Uncaught exception: Failure (zero length match in (?:) with capture in lookahead):  expected <f,> found <f,f>
At line 56, column 2 in fail(expected, found, name_opt):
    throw new MjsUnitAssertionError(start + " expected <" + expected + "> found <" + found + ">");
called from line 109, column 4 in assertEquals(expected, found, name_opt):
    fail(expected, found, name_opt);
called from line 235, column 0 in program code:
    assertEquals("f,",




regress/regress-186.js
FAIL:
Uncaught exception: SyntaxError: at index 0 in "const __proto__ = o": reserved word used
At line 254, column 2 in testConstLocal():
    eval("const __proto__ = o");
called from line 240, column 2 in runTest(test):
    test();
called from line 273, column 0 in program code:
    runTest(testGlobal);




regress/regress-925537.js
PASS

regress/regress-225.js
PASS

regress/regress-1062422.js
FAIL:
Uncaught exception: Failure: expected <undefined> found <0>
At line 56, column 2 in fail(expected, found, name_opt):
    throw new MjsUnitAssertionError(start + " expected <" + expected + "> found <" + found + ">");
called from line 109, column 4 in assertEquals(expected, found, name_opt):
    fail(expected, found, name_opt);
called from line 232, column 0 in program code:
    assertEquals((123).length, 0)




regress/regress-996542.js
PASS

regress/regress-874178.js
PASS

regress/regress-219.js
FAIL:
Syntax error at line 258 while parsing script:
  in regexp literal: invalid flag: 'i'



regress/regress-1213516.js
PASS

regress/regress-220.js
FAIL:
Uncaught exception: SyntaxError: at index 0 in "function (x) { with ({x: []}) function x(){} }": expected identifier, got '('
At line 230, column 18 in foo(f):
    eval(f);
called from line 233, column 0 in program code:
    foo("function (x) { with ({x: []}) function x(){} }");




regress/regress-1201933.js
FAIL:
Syntax error at line 236 while parsing script:
  reserved word used



regress/regress-1254366.js
PASS

regress/regress-57.js
PASS

regress/regress-193.js
PASS

regress/regress-1177518.js
PASS

regress/regress-187.js
PASS

regress/regress-1134697.js
PASS

regress/regress-233.js
PASS

regress/regress-20070207.js
PASS

regress/regress-900055.js
PASS

regress/regress-227.js
PASS

regress/regress-1199637.js
FAIL:
Syntax error at line 235 while parsing script:
  reserved word used



bugs/bug-941049.js
FAIL:
Uncaught exception: Failure: expected <1> found <undefined>
At line 56, column 2 in fail(expected, found, name_opt):
    throw new MjsUnitAssertionError(start + " expected <" + expected + "> found <" + found + ">");
called from line 109, column 4 in assertEquals(expected, found, name_opt):
    fail(expected, found, name_opt);
called from line 302, column 0 in program code:
    assertEquals(1, a[1]);




bugs/bug-1344252.js
FAIL:
Uncaught exception: Failure: expected <87> found <undefined>
At line 56, column 2 in fail(expected, found, name_opt):
    throw new MjsUnitAssertionError(start + " expected <" + expected + "> found <" + found + ">");
called from line 109, column 4 in assertEquals(expected, found, name_opt):
    fail(expected, found, name_opt);
called from line 262, column 0 in program code:
    assertTrue(typeof f.y == 'undefined');




bugs/bug-900066.js
PASS

bugs/bug-222.js
FAIL:
Uncaught exception: Failure: expected <true> found <false>
At line 56, column 2 in fail(expected, found, name_opt):
    throw new MjsUnitAssertionError(start + " expected <" + expected + "> found <" + found + ">");
called from line 109, column 4 in assertEquals(expected, found, name_opt):
    fail(expected, found, name_opt);
called from line 129, column 2 in assertTrue(value, name_opt):
    assertEquals(true, value, name_opt);
called from line 239, column 0 in program code:
    Foo.arguments = oldArgs;




bugs/bug-223.js
PASS
